0.1
0.2213
0.2573
0.349
0.3769
0.4456
0.4708
0.5075
0.5385
0.5539
0.5657
0.5924
0.6115
0.6214
0.633
0.6549
0.6544
0.6723
0.6764
0.7001
0.6889
0.7089
0.7085
0.7144
0.7255
0.7344
0.7352
0.7423
0.7342
0.745
0.7453
0.7522
0.7505
0.7586
0.7558
0.7628
0.7634
0.7688
0.7784
0.7697
0.7747
0.7742
0.779
0.7825
0.7824
0.7869
0.7901
0.791
0.7918
0.7943
0.7988
0.7959
0.7983
0.8013
0.8029
0.8012
0.8035
0.8061
0.8097
0.8102
0.8105
0.8132
0.8138
0.8135
0.8156
0.8148
0.8169
0.8231
0.8204
0.8221
0.8245
0.8216
0.8236
0.8235
0.8271
0.8276
0.822
0.8256
0.8249
0.8303
0.828
0.8325
0.8326
0.8329
0.8312
0.8335
0.8309
0.8336
0.8307
0.8337
0.8336
0.8327
0.837
0.8363
0.8352
0.8368
0.838
0.8421
0.8425
0.8409
0.8416
0.838
0.84
0.8424
0.8456
0.8447
0.8432
0.8418
0.8436
0.8449
0.8462
0.8442
0.8461
0.845
0.8453
0.8442
0.8477
0.8458
0.8444
0.8475
0.8469
0.8458
0.8494
0.8503
0.8469
0.8488
0.8495
0.8481
0.8475
0.8509
0.8496
0.8497
0.8514
0.8528
0.8493
0.8528
0.8516
0.8506
0.8494
0.8517
0.8522
0.8506
0.8511
0.8523
0.8522
0.8516
0.8549
0.8531
0.8523
0.8536
0.8517
0.852
0.8541
0.8543
0.8567
0.8539
0.8532
0.8557
0.8533
0.8541
0.8553
0.8554
0.8559
0.8536
0.8569
0.8541
0.8551
0.8533
0.8553
0.8563
0.8562
0.855
0.8546
0.8539
0.8534
0.8532
0.8561
0.855
0.857
0.856
0.8543
0.8564
0.8551
0.8557
0.855
0.8569
0.854
0.856
0.8565
0.8568
0.8568
0.8569
0.8571
0.8545
0.8586
0.8574
0.8579
0.8569
0.8565
0.8565
0.8567
0.8571
0.8588
0.8573
0.8574
0.8571
0.857
0.8579
0.8554
0.8581
0.8588
0.8576
0.8574
0.8586
0.8588
0.8574
0.8569
0.8589
0.8575
0.8577
0.8588
0.8576
0.8586
0.8584
0.8592
0.8602
0.8594
0.8591
0.8609
0.8612
0.86
0.8613
0.8603
0.8614
0.8605
0.8589
0.8607
0.8599
0.8592
0.8603
0.8572
0.8583
0.8603
0.8591
0.8605
0.8594
0.8581
0.8591
0.8579
0.8576
0.8582
0.8587
0.8604
0.86
0.8574
0.8579
0.8592
0.86
0.8598
0.86
0.8611
0.8581
0.8606
0.8604
0.8599
0.8579
0.859
0.86
0.8591
0.8596
0.8574
0.8573
0.8599
0.8592
0.8605
0.8586
0.857
0.8621
0.8596
0.8609
0.8614
0.8603
0.8601
0.8607
0.8596
0.86
0.8603
0.8579
0.8588
0.8598
0.8583
0.8602
0.8597
0.8593
0.8596
0.8584
0.8583
0.8609
0.8574
0.8575
0.8593
0.8589
0.8594
0.8589
0.858
0.86
0.8598
0.8575
0.8607
0.8598
0.8597
0.8611
0.8589
0.8606
0.8586
0.8563
0.8602
0.8559
0.8585
0.8604
0.8581
0.8599
0.8585
0.8591
0.8593
0.8583
0.8585
0.8584
0.8574
0.8585
0.8576
0.8595
0.8588
0.8585
0.8596
0.8577
0.858
0.8596
0.858
0.8598
0.8589
0.8603
0.858
0.8586
0.8582
0.8621
0.8603
0.8611
0.8599
0.8626
0.8608
0.8609
0.8617
0.8616
0.8588
0.8595
0.8595
0.8594
0.8586
0.86
0.86
0.8616
0.8594
0.8603
0.8614
0.8608
0.8601
0.8579
0.8603
0.8593
0.8605
0.8612
0.8604
0.8605
0.8607
0.8593
0.8604
0.8583
0.8597
0.8601
0.8611
0.8601
0.8608
0.8617
0.8616
0.8613
0.8605
0.8607
0.8604
0.8624
0.8613
0.8603
0.8617
0.8618
0.8608
0.8625
0.8615
0.8602
0.8621
0.8619
0.862
0.8614
0.8601
0.8604
0.8617
0.8626
0.8622
0.8612
0.8623
0.8596
0.8601
0.8609
0.8602
0.859
0.8596
0.8596
0.8611
0.8579
0.8597
0.8596
0.8615
0.8604
0.8596
0.8607
0.8591
0.86
0.8596
0.8602
0.8586
0.8601
0.8611
0.8615
0.8602
0.8588
0.8589
0.8599
0.8597
0.8583
0.8608
0.8599
0.8592
0.8586
0.8598
0.8602
0.8583
0.8598
0.8609
0.859
0.8585
0.8584
0.8599
0.8612
0.8599
0.8608
0.8621
0.8605
0.8597
0.8619
0.8613
0.8609
0.8584
0.861
0.861
0.8621
0.8612
0.8611
0.8596
0.858
0.8605
0.8591
0.8581
0.8593
0.8594
0.8584
0.86
0.8599
0.8618
0.8601
0.8603
0.8588
0.8593
0.8594
0.8596
0.861
0.8592
0.8571
0.8568
0.8597
0.8579
0.8592
0.8594
0.8599
0.858
0.8592
0.8603
0.8592
0.8591
0.8613
0.8595
0.8587
0.8593
0.8589
0.8589
0.8602
0.8614
0.86
0.8617
0.8614
0.8617
0.86
0.8602
0.8602
0.8592
0.8604
0.8616
0.8612
0.8581
0.8581
0.8609
0.861
0.8592
0.859
0.8607
0.8591
0.861
0.8618
0.8609
0.8606
0.8603
0.8602
0.8612
0.8607
0.8608
0.8613
0.86
0.8601
0.8589
0.8604
0.8613
0.8596
0.8586
0.8615
0.86
0.8615
0.8599
0.8605
0.8602
0.8606
0.8583
0.8617
0.8593
0.8605
0.8605
0.8594
0.8617
0.86
0.8592
0.8607
0.8613
0.8602
0.8611
0.8615
0.8613
0.8607
0.862
0.8617
0.8598
0.8625
0.861
0.8622
0.8611
0.8611
0.8598
0.8607
0.8606
0.8605
0.8615
0.862
0.8635
0.8622
0.8608
0.8592
0.8606
0.859
0.8597
0.8603
0.8623
0.8616
0.8617
0.863
0.8605
0.8605
0.86
0.8595
0.8587
0.8627
0.8615
0.8632
0.8628
0.8618
0.863
0.8642
0.8635
0.862
0.8633
0.8606
0.861
0.8621
0.8608
0.8612
0.8621
0.8618
0.8601
0.8595
0.864
0.8628
0.8628
0.8637
0.861
0.8621
0.862
0.8607
0.8619
0.8602
0.8626
0.8603
0.8612
0.8615
0.8634
0.8624
0.8613
0.8601
0.8649
0.8626
0.8623
0.8644
0.8612
0.8635
0.8629
0.861
0.8626
0.8607
0.863
0.8602
0.8606
0.8622
0.8623
0.863
0.8621
0.8619
0.8614
0.8617
0.8624
0.8636
0.8625
0.8628
0.8625
0.8643
0.8633
0.8646
0.863
0.8641
0.8609
0.865
0.8634
0.8629
0.8619
0.8624
0.8621
0.865
0.8633
0.8634
0.8607
0.8626
0.8632
0.8613
0.8623
0.8642
0.8614
0.8615
0.8623
0.8615
0.8633
0.8628
0.8633
0.8613
0.8609
0.8624
0.8609
0.8603
0.8636
0.8634
0.864
0.8619
0.8595
0.8621
0.8606
0.8626
0.862
0.8626
0.8628
0.8627
0.8609
0.8613
0.8626
0.8603
0.8627
0.8629
0.8639
0.8625
0.8631
0.863
0.8638
0.8644
0.8632
0.8619
0.8619
0.8621
0.863
0.863
0.8635
0.8614
0.8628
0.8623
0.8622
0.8628
0.8615
0.8618
0.8621
0.8622
0.8611
0.8606
0.8629
0.8624
0.8605
0.863
0.8611
0.8625
0.861
0.8622
0.8595
0.8618
0.863
0.861
0.8606
0.861
0.8625
0.8623
0.8612
0.8615
0.8593
0.861
0.8611
0.8622
0.8608
0.8625
0.8622
0.8607
0.863
0.8637
0.8629
0.8632
0.8639
0.8636
0.8624
0.8649
0.8648
0.8644
0.8647
0.8628
0.8631
0.8623
0.8619
0.8646
0.864
0.863
0.8629
0.8629
0.8626
0.8625
0.8615
0.8627
0.8618
0.8638
0.8624
0.8624
0.8626
0.8624
0.8617
0.8613
0.8616
0.8606
0.8613
0.8627
0.8626
0.8621
0.8618
0.8621
0.8609
0.8624
0.8633
0.8606
0.8627
0.8618
0.8594
0.861
0.8608
0.8619
0.8613
0.8621
0.8609
0.8599
0.8595
0.8616
0.8595
0.8602
0.8615
0.8608
0.8616
0.8622
0.8609
0.8615
0.8625
0.864
0.8639
0.8617
0.8623
0.8607
0.8613
0.8609
0.863
0.8616
0.8628
0.8616
0.8634
0.8642
0.8613
0.8614
0.8598
0.862
0.8616
0.8622
0.8622
0.8613
0.8598
0.8591
0.8586
0.8602
0.8606
0.8625
0.8628
0.8617
0.8601
0.8626
0.8611
0.8622
0.86
0.8626
0.8612
0.8603
0.8615
0.8631
0.8597
0.8611
0.8608
0.861
0.8617
0.8602
0.8599
0.8598
0.8602
0.8632
0.8614
0.8619
0.8605
0.8625
0.8609
0.8628
0.8616
0.863
0.8634
0.8616
0.8636
0.862
0.8619
0.8608
0.8607
0.8628
0.8612
0.8619
0.86
0.8613
0.8624
0.8636
0.8605
0.8624
0.8619
0.8622
0.8636
0.8619
0.8618
0.8624
0.8624
0.8642
0.8645
0.862
0.8594
0.8618
0.863
0.862
0.8631
0.8622
0.8626
0.8623
0.865
0.8639
0.8624
0.8593
0.8618
0.863
0.8641
0.8621
0.8622
0.8639
0.862
0.8618
0.8628
0.8639
0.8641
0.8629
0.8633
0.8653
0.8643
0.8627
0.8635
0.8634
0.8633
0.8639
0.8639
0.8628
0.8628
0.8637
0.8633
0.8618
0.8644
0.8633
0.8652
0.8639
0.8645
0.8643
0.8625
0.8628
0.864
0.8622
0.8629
0.865
0.8634
0.8643
0.8613
0.8621
0.8622
0.8635
0.8622
0.8649
0.8643
0.8638
0.8619
0.861
0.8616
0.8605
0.8611
0.8622
0.8636
0.863
0.8635
0.8619
0.8605
0.8638
0.8626
0.8616
0.8621
0.8631
0.864
0.8628
0.8648
0.8631
0.8637
0.8627
0.8623
0.8606
0.8605
0.8627
0.8634
0.8629
0.8616
0.8618
0.8632
0.861
0.8605
0.8613
0.8636
0.8644
0.8613
0.8624
0.8627
0.8638
0.8642
0.8612
0.8639
0.8635
0.8626
0.8647
0.8625
0.8631
0.8622
0.865
0.8623
0.861
0.8619
0.8628
0.8636
0.8652
0.8656
0.8633
0.866
0.8627
0.8635
0.865
0.8623
0.8621
0.8644
0.8609
0.8644
0.8636
0.8634
0.8629
0.8625
0.8637
0.8636
0.8621
0.8642
0.8637
0.8633
0.8635
0.8633
0.8644
0.8622
0.8645
0.8627
0.8646
0.8644
0.8636
0.8645
0.8637
0.8646
0.8654
0.8662
0.8644
0.8613
0.8636
0.8626
0.8635
0.8624
0.8613
0.8626
0.8619
0.8634
0.8643
0.8624
0.8624
0.8621
0.8626
0.8646
0.8654
0.8627
0.8628
0.8642
0.8639
0.8624
0.8625
0.8612
0.8634
0.8611
0.8632
0.8622
0.8614
0.862
0.8621
0.8618
0.8606
0.8617
0.8609
0.8619
0.8614
0.8618
0.862
0.8627
0.8609
0.8608
0.8601
0.8604
0.8607
0.8595
0.861
0.8623
0.8609
0.8624
0.8639
0.862
0.8648
0.8629
0.8633
0.8623
0.8623
0.8646
0.8631
0.8653
0.8636
0.8617
0.8616
0.8627
0.8615
0.8629
0.8621
0.8616
0.8625
0.8634
0.8634
0.8626
0.8631
0.8618
0.8627
0.863
0.8631
0.8616
0.8641
0.8643
0.8629
0.8639
0.8623
0.8618
0.8639
0.8619
0.8624
0.8625
0.8617
0.8634
0.8635
0.8635
0.864
0.8639
0.8643
0.8611
0.8619
0.8631
0.8637
0.8649
0.8638
0.8649
0.863
0.8633
0.8647
0.8644
0.8641
0.8628
0.8647
0.8656
0.8655
0.8641
0.8643
0.8641
0.8651
0.8654
0.8651
0.8661
0.8644
0.8658
0.8658
0.8654
0.8658
0.8665
0.8645
0.8662
0.8651
0.8652
0.8634
0.8679
0.8644
0.866
0.8647
0.8643
0.8627
0.8628
0.8641
0.8642
0.8639
0.8638
0.864
0.8646
0.8652
0.8643
0.8673
0.8631
0.8631
0.8645
0.8658
0.8657
0.8655
0.8657
0.8643
0.8645
0.8628
0.8653
0.8646
0.8641
0.8652
0.8653
0.8644
0.8648
0.8662
0.8639
0.8662
0.8665
0.8655
0.865
0.8644
0.8656
0.8643
0.8649
0.8637
0.8658
0.8658
0.8643
0.8646
0.8667
0.8641
0.8627
0.8652
0.8656
0.8659
0.8642
0.8639
0.8654
0.8669
0.8659
0.8635
0.8633
0.8639
0.8645
0.8637
0.8634
0.8614
0.8617
0.8639
0.8628
0.8645
0.8628
0.8641
0.8634
0.8634
0.8644
0.8622
0.8627
0.8652
0.8657
0.8656
0.8654
0.8639
0.865
0.8625
0.8639
0.8647
0.864
0.8632
0.864
0.8647
0.8643
0.8649
0.8634
0.8631
0.8619
0.863
0.8645
0.8644
0.8637
0.8637
0.8633
0.8652
0.865
0.8682
0.8656
0.8651
0.8647
0.8651
0.8656
0.863
0.8668
0.864
0.864
0.8625
0.8645
0.8616
0.8647
0.8644
0.8624
0.863
0.8649
0.8649
0.8632
0.865
0.8643
0.8638
0.8624
0.8627
0.865
0.8641
0.8609
0.8631
0.8645
0.8624
0.8653
0.8647
0.8659
0.8658
0.8655
0.8667
0.8651
0.8631
0.8661
0.8634
0.8645
0.8648
0.866
0.8634
0.8644
0.8637
0.8647
0.8624
0.8654
0.865
0.8639
0.8656
0.8643
0.8624
0.8651
0.8627
0.8643
0.8648
0.8633
0.8643
0.865
0.8653
0.8636
0.8656
0.8642
0.8651
0.865
0.8628
0.8624
0.865
0.8653
0.8644
0.8641
0.8648
0.8647
0.8645
0.8637
0.8632
0.8626
0.8623
0.8638
0.8635
0.8636
0.8635
0.864
0.864
0.8651
0.8646
0.8667
0.8662
0.8674
0.8658
0.8648
0.865
0.864
0.8635
0.8642
0.8649
0.8632
0.8639
0.8629
0.8645
0.8641
0.8641
0.866
0.8653
0.8657
0.8661
0.8646
0.8659
0.8651
0.8647
0.8619
0.8644
0.8634
0.8642
0.8649
0.8646
0.8662
0.8657
0.863
0.8628
0.8646
0.864
0.8643
0.8628
0.8635
0.8632
0.8622
0.8648
0.8651
0.8654
0.8631
0.8637
0.8634
0.8631
0.8642
0.8636
0.8635
0.8641
0.8641
0.8624
0.8622
0.8625
0.8625
0.8628
0.8644
0.864
0.8653
0.8636
0.8647
0.8673
0.8656
0.8642
0.8658
0.8663
0.8662
0.8652
0.8665
0.8644
0.8647
0.8637
0.8667
0.8646
0.8637
0.865
0.8651
0.8664
0.8653
0.8667
0.8653
0.8657
0.8638
0.8658
0.8642
0.8653
0.8649
0.866
0.8659
0.8633
0.8638
0.8631
0.8656
0.8638
0.8653
0.8654
0.8655
0.8628
0.8648
0.8655
0.8645
0.8656
0.8654
0.8655
0.8639
0.8645
0.8643
0.8652
0.8654
0.8652
0.8645
0.8653
0.8667
0.8659
0.8657
0.8667
0.8653
0.8651
0.8647
0.865
0.8654
0.8669
0.8656
0.8643
0.866
0.8655
0.8649
0.8678
0.8647
0.8672
0.8652
0.8645
0.863
0.8632
0.8657
0.8657
0.8637
0.864
0.8656
0.8652
0.8656
0.8659
0.864
0.8647
0.8632
0.8655
0.8667
0.8642
0.8652
0.8647
0.8636
0.8629
0.8637
0.8649
0.8643
0.8632
0.8646
0.8639
0.8628
0.8642
0.8661
0.864
0.8659
0.8657
0.8648
0.8656
0.8629
0.8652
0.8655
0.8644
0.8658
0.865
0.8651
0.8676
0.865
0.8654
0.865
0.8628
0.8649
0.8646
0.8641
0.8633
0.8644
0.8648
0.8662
0.864
0.8616
0.865
0.8632
0.8641
0.8644
0.864
0.8642
0.8655
0.8643
0.8648
0.864
0.8658
0.8647
0.8652
0.8661
0.8643
0.865
0.865
0.8642
0.8649
0.8653
0.8655
0.8654
0.8667
0.8655
0.8645
0.8665
0.8643
0.8676
0.8666
0.8674
0.8684
0.8664
0.8677
0.8677
0.8665
0.8666
0.8675
0.8659
0.8652
0.8645
0.8658
0.8672
0.8665
0.8664
0.8661
0.8649
0.8653
0.8646
0.8636
0.8661
0.8669
0.8676
0.8676
0.8664
0.8672
0.8664
0.8659
0.8666
0.867
0.8679
0.8676
0.8673
0.866
0.8677
0.8669
0.8671
0.8673
0.8676
0.8674
0.8663
0.8642
0.8663
0.8656
0.865
0.8662
0.8647
0.8649
0.8653
0.8663
0.8656
0.8666
0.8646
0.8658
0.8665
0.8678
0.8661
0.8661
0.8652
0.8645
0.8666
0.8652
0.866
0.8663
0.8658
0.8654
0.8654
0.8645
0.8649
0.865
0.8639
0.8651
0.8682
0.8653
0.8658
0.866
0.8629
0.8641
0.8649
0.8643
0.8639
0.867
0.8671
0.866
0.8663
0.8664
0.8661
0.8656
0.8656
0.8675
0.8649
0.8677
0.8661
0.8651
0.867
0.867
0.8668
0.8671
0.8677
0.8672
0.8679
0.8677
0.8676
0.8654
0.8672
0.868
0.8659
0.8669
0.8663
0.8688
0.8685
0.8662
0.8664
0.8662
0.8659
0.8664
0.8676
0.8664
0.8671
0.8672
0.8671
0.868
0.8675
0.8671
0.8672
0.8679
0.8675
0.8677
0.8678
0.8668
0.8675
0.8674
0.8667
0.8668
0.8677
0.8676
0.8669
0.8677
0.8665
0.8668
0.8663
0.8655
0.8681
0.8656
0.866
0.8658
0.8663
0.869
0.8655
0.8672
0.8681
0.868
0.8666
0.8665
0.8659
0.8667
0.8675
0.8672
0.8675
0.8675
0.8661
0.8655
0.8674
0.8667
0.8679
0.8679
0.8687
0.8683
0.8652
0.8659
0.8667
0.8685
0.8655
0.8666
0.8659
0.8656
0.8688
0.8678
0.867
0.8678
0.8683
0.8669
0.8674
0.8676
0.8683
0.866
0.8656
0.867
0.8672
0.8676
0.8678
0.8651
0.8672
0.868
0.866
0.867
0.867
0.8679
0.8678
0.8672
0.8674
0.8677
0.8675
0.8681
0.8663
0.8678
0.8667
0.8689
0.8691
0.8664
0.8684
0.8659
0.8681
0.8659
0.868
0.8671
0.8677
0.8663
0.8681
0.8672
0.868
0.8683
0.8679
0.8663
0.8663
0.8674
0.8676
0.8676
0.8669
0.8653
0.8689
0.866
0.8661
0.8682
0.8688
0.8659
0.8664
0.8679
0.8676
0.8666
0.8665
0.8662
0.8667
0.8676
0.8676
0.8649
0.866
0.866
0.8671
0.8661
0.8686
0.8684
0.8676
0.8684
0.8694
0.8662
0.8696
0.8679
0.8668
0.8695
0.8691
0.8687
0.8699
0.8677
0.8674
0.8668
0.8668
0.8679
0.8675
0.8674
0.8674
0.8669
0.8676
0.8664
0.8664
0.866
0.8656
0.8672
0.8667
0.8661
0.8646
0.8654
0.8671
0.8674
0.8667
0.8666
0.8658
0.8665
0.868
0.8666
0.8671
0.8669
0.8663
0.8656
0.8669
0.8656
0.8669
0.8666
0.8658
0.8666
0.8674
0.868
0.8667
0.8663
0.868
0.869
0.868
0.866
0.8686
0.8689
0.8691
0.8677
0.8676
0.8671
0.8672
0.8652
0.8663
0.8672
0.869
0.866
0.8681
0.8678
0.8675
0.8662
0.8675
0.8671
0.869
0.8684
0.8661
0.8669
0.8677
0.8667
0.8687
0.8686
0.867
0.8673
0.8684
0.869
0.8675
0.8674
0.8676
0.868
0.8678
0.8683
0.8677
0.8668
0.8681
0.8671
0.8666
0.8695
0.8687
0.8684
0.8663
0.8677
0.8684
0.8679
0.8686
0.8698
0.8686
0.8694
0.8675
0.8676
0.8686
0.8668
0.8679
0.8668
0.8672
0.8659
0.8658
0.8695
0.8669
0.8677
0.8688
0.8674
0.8673
0.8671
0.8662
0.8678
0.8686
0.8669
0.8666
0.8687
0.8682
0.8686
0.8666
0.8685
0.8672
0.8645
0.8648
0.8651
0.8652
0.8668
0.8662
0.8677
0.866
0.8652
0.8659
0.8659
0.8653
0.8651
0.8687
0.8672
0.8671
0.8677
0.8677
0.8667
0.8666
0.8671
0.868
0.8683
0.8669
0.8665
0.8669
0.8663
0.8672
0.8654
0.8669
0.8664
0.8664
0.866
0.8688
0.8665
0.8666
0.8659
0.8669
0.8671
0.8685
0.8668
0.8663
0.8681
0.8667
0.8662
0.8667
0.8669
0.8672
0.8682
0.8674
0.868
0.8663
0.8674
0.8671
0.8656
0.8675
0.8665
0.8679
0.8672
0.8691
0.8682
0.8688
0.8676
0.8701
0.8678
0.8675
0.8683
0.8686
0.868
0.8681
0.869
0.8666
0.8676
0.8668
0.8672
0.868
0.8646
0.8646
0.8671
0.8671
0.8667
0.8678
0.8685
0.8672
0.8662
0.869
0.8672
0.8674
0.8677
0.8681
0.8665
0.8688
0.869
0.868
0.869
0.8692
0.8674
0.8677
0.8679
0.868
0.867
0.8696
0.8674
0.8677
0.8646
0.866
0.8673
0.8691
0.8669
0.8671
0.8664
0.8675
0.8679
0.8683
0.8687
0.8674
0.8677
0.8661
0.8652
0.8637
0.8645
0.8667
0.8684
0.8684
0.867
0.869
0.8694
0.8698
0.8694
0.8703
0.8687
0.868
0.8668
0.8669
0.8677
0.8665
0.8683
0.8678
0.868
0.8683
0.8671
0.8654
0.8674
0.8658
0.8664
0.8658
0.8642
0.8667
0.8681
0.8666
0.8646
0.8652
0.8682
0.8661
0.8664
0.8677
0.8674
0.8685
0.8674
0.8678
0.8672
0.8665
0.8662
0.8659
0.8673
0.8676
0.8664
0.8673
0.8651
0.8649
0.8691
0.8676
0.8669
0.8666
0.8668
0.8664
0.8662
0.8663
0.8681
0.8673
0.8676
0.8676
0.8657
0.8678
0.8672
0.868
0.8679
0.8689
0.8681
0.8674
0.865
0.8655
0.8647
0.8641
0.8676
0.8666
0.8664
0.865
0.8663
0.8662
0.8654
0.8685
0.8675
0.8684
0.8679
0.8661
0.8669
0.8684
0.8655
0.8676
0.8676
0.8671
0.8673
0.8675
0.8679
0.8686
0.8667
0.8676
0.8679
0.8664
0.8653
0.8653
0.8678
0.8672
0.8677
0.8666
0.8663
0.8668
0.8671
0.8667
0.8668
0.8663
0.8685
0.8685
0.8681
0.8671
0.8664
0.8679
0.8679
0.8679
0.8654
0.8666
0.8671
0.8667
0.8677
0.8667
0.8664
0.8668
0.8681
0.867
0.8647
0.8671
0.8672
0.8665
0.8675
0.8675
0.8659
0.8659
0.8663
0.8663
0.8672
0.8674
0.8673
0.8681
0.8674
0.8663
0.8676
0.8688
0.8687
0.8676
0.8681
0.8678
0.8676
0.8671
0.8684
