0.2064
0.5617
0.6191
0.6632
0.6926
0.7265
0.7384
0.7554
0.7605
0.7713
0.7726
0.7878
0.7885
0.7955
0.8021
0.809
0.8092
0.8183
0.8219
0.8271
0.8232
0.8291
0.83
0.8352
0.8362
0.8413
0.8408
0.845
0.8485
0.8524
0.8507
0.8526
0.8521
0.8574
0.8573
0.8598
0.8597
0.8635
0.864
0.8644
0.8674
0.8638
0.8672
0.8667
0.8674
0.8682
0.8696
0.8686
0.8715
0.8705
0.8709
0.8727
0.8718
0.8711
0.8756
0.8738
0.8699
0.8742
0.8764
0.8771
0.8757
0.8759
0.876
0.8768
0.8792
0.8751
0.8804
0.8783
0.8808
0.8777
0.879
0.88
0.8783
0.8812
0.8809
0.8816
0.8814
0.8815
0.8841
0.88
0.8829
0.8831
0.8816
0.8829
0.8846
0.884
0.8832
0.8833
0.8843
0.8848
0.8842
0.8861
0.8859
0.8866
0.8873
0.8858
0.8863
0.8857
0.8869
0.8871
0.8879
0.8899
0.8893
0.8882
0.8875
0.8886
0.8892
0.8899
0.8871
0.8868
0.8891
0.8878
0.8909
0.8902
0.8886
0.8903
0.8862
0.8885
0.8917
0.8913
0.8916
0.8927
0.8906
0.8915
0.8906
0.8908
0.8938
0.8916
0.8927
0.8906
0.8923
0.8927
0.8904
0.8909
0.8927
0.8918
0.8926
0.8911
0.8916
0.8917
0.8905
0.8922
0.8934
0.8909
0.8922
0.8907
0.8933
0.8931
0.8944
0.8927
0.8917
0.8921
0.8936
0.8936
0.8952
0.8921
0.8943
0.8955
0.8932
0.894
0.8945
0.8937
0.8937
0.8923
0.8936
0.8915
0.8952
0.8947
0.8925
0.8939
0.8941
0.893
0.8947
0.8944
0.8938
0.8932
0.8915
0.8934
0.8938
0.8954
0.8929
0.8959
0.8925
0.8924
0.8962
0.8941
0.8937
0.895
0.897
0.8963
0.8969
0.8956
0.8949
0.896
0.8971
0.8957
0.8969
0.8968
0.8952
0.8941
0.8965
0.8968
0.8962
0.8949
0.8957
0.8951
0.8968
0.8949
0.8966
0.8943
0.8939
0.8972
0.8958
0.8933
0.8959
0.8956
0.8967
0.8954
0.8967
0.8959
0.8963
0.8972
0.8979
0.8982
0.8963
0.8968
0.898
0.896
0.8967
0.896
0.8976
0.8988
0.8952
0.8962
0.8941
0.8962
0.8977
0.8964
0.8967
0.8932
0.8974
0.8962
0.8984
0.8964
0.8967
0.8972
0.8977
0.8962
0.897
0.8958
0.8972
0.8969
0.8954
0.8961
0.8972
0.8973
0.8962
0.8987
0.8993
0.8969
0.8973
0.8978
0.8983
0.8981
0.8988
0.8971
0.8968
0.8967
0.8958
0.8975
0.8974
0.8971
0.8981
0.8991
0.8977
0.8981
0.8963
0.8988
0.8973
0.8996
0.8986
0.8975
0.897
0.8966
0.897
0.8974
0.8954
0.8956
0.8957
0.897
0.8963
0.8983
0.899
0.8968
0.897
0.8992
0.8958
0.8974
0.8971
0.8958
0.8977
0.8975
0.8975
0.8998
0.8965
0.8981
0.897
0.899
0.8972
0.9003
0.899
0.898
0.8976
0.9007
0.9001
0.8991
0.8977
0.8991
0.8994
0.8983
0.8985
0.9
0.8966
0.8986
0.8974
0.8982
0.8978
0.8971
0.8987
0.8969
0.8991
0.8986
0.8988
0.8977
0.8969
0.8989
0.8977
0.8993
0.8996
0.8989
0.898
0.8979
0.8981
0.8982
0.8983
0.8971
0.8982
0.898
0.8984
0.8972
0.8998
0.899
0.8992
0.8974
0.898
0.8982
0.8994
0.8985
0.8991
0.8986
0.8985
0.8997
0.8997
0.8985
0.9005
0.8993
0.8985
0.9001
0.8995
0.8981
0.8985
0.8984
0.8996
0.9011
0.8994
0.8988
0.8994
0.8999
0.8997
0.8984
0.8984
0.8996
0.8989
0.8993
0.8995
0.8975
0.8996
0.8991
0.9011
0.9
0.9021
0.9004
0.8995
0.9003
0.9007
0.8977
0.8998
0.9003
0.8988
0.9
0.9005
0.8989
0.901
0.8994
0.9004
0.8978
0.8982
0.9001
0.8992
0.8997
0.8985
0.8994
0.8989
0.8994
0.8984
0.8999
0.8995
0.8986
0.8985
0.9004
0.8995
0.8997
0.8982
0.8997
0.8998
0.9015
0.899
0.9009
0.9
0.8996
0.9002
0.9003
0.9001
0.8977
0.8994
0.9008
0.8998
0.9
0.8982
0.9002
0.9026
0.9
0.901
0.9005
0.9012
0.8995
0.9004
0.8988
0.8997
0.9
0.9006
0.8997
0.8989
0.9012
0.9003
0.9011
0.8993
0.9002
0.9001
0.8991
0.9003
0.8989
0.9003
0.8991
0.9009
0.9002
0.9012
0.9003
0.8998
0.8995
0.899
0.9013
0.901
0.9006
0.9018
0.9015
0.8991
0.9008
0.9009
0.9013
0.9016
0.9002
0.8997
0.9012
0.9016
0.9019
0.9015
0.9012
0.9011
0.9026
0.9019
0.9009
0.9014
0.9007
0.9021
0.9007
0.9006
0.902
0.902
0.9021
0.9018
0.9015
0.9025
0.9025
0.9016
0.9012
0.9
0.9007
0.9013
0.9026
0.9004
0.9028
0.9007
0.9019
0.9013
0.901
0.9009
0.9001
0.9011
0.9008
0.9007
0.9018
0.9001
0.902
0.9002
0.9007
0.9007
0.9014
0.9002
0.9009
0.9008
0.9005
0.9004
0.9018
0.9022
0.9012
0.9008
0.9037
0.9025
0.9009
0.8998
0.9012
0.9009
0.9007
0.9013
0.9009
0.8997
0.8997
0.9024
0.9002
0.901
0.9014
0.9007
0.8998
0.9011
0.9007
0.9005
0.901
0.9034
0.9009
0.9021
0.9022
0.8998
0.9026
0.9017
0.8991
0.9013
0.9009
0.9012
0.9013
0.9003
0.9005
0.9041
0.9028
0.9003
0.9012
0.9013
0.8991
0.9014
0.901
0.9016
0.901
0.9027
0.9019
0.9003
0.9014
0.9017
0.9003
0.9016
0.9024
0.9016
0.9027
0.9022
0.9027
0.9023
0.9035
0.9031
0.9023
0.9026
0.902
0.9014
0.9021
0.9022
0.9018
0.9017
0.9016
0.9027
0.9037
0.9018
0.9019
0.9016
0.9008
0.9035
0.9021
0.9036
0.9007
0.9026
0.9013
0.9004
0.9024
0.9028
0.9025
0.9036
0.9025
0.9031
0.9017
0.9016
0.9036
0.9016
0.9011
0.9021
0.9023
0.9032
0.9019
0.9007
0.9007
0.9013
0.9014
0.9034
0.9026
0.9013
0.903
0.9024
0.9009
0.9014
0.9026
0.9031
0.9021
0.9037
0.9045
0.9041
0.9019
0.9023
0.9032
0.9022
0.9034
0.9016
0.9021
0.9026
0.9029
0.9012
0.9048
0.9023
0.9018
0.9028
0.9018
0.9025
0.9025
0.9031
0.9018
0.9016
0.903
0.9041
0.9032
0.9045
0.9044
0.9029
0.9035
0.9049
0.902
0.9035
0.9038
0.9021
0.9026
0.901
0.9046
0.9036
0.9042
0.9043
0.9033
0.9034
0.9034
0.9043
0.9026
0.9031
0.9007
0.9001
0.9024
0.9022
0.9034
0.9023
0.9022
0.9025
0.9023
0.902
0.9026
0.9021
0.9023
0.9036
0.9016
0.9028
0.9034
0.9028
0.9032
0.9021
0.9047
0.9027
0.9034
0.9032
0.9038
0.9039
0.9024
0.9031
0.9019
0.9055
0.9032
0.9018
0.9032
0.9028
0.9028
0.9046
0.9032
0.9037
0.9039
0.9041
0.9033
0.9032
0.9032
0.9041
0.9027
0.9031
0.9007
0.9033
0.9029
0.9042
0.9037
0.9027
0.9024
0.9054
0.9033
0.9041
0.9029
0.9035
0.9038
0.9027
0.9031
0.9039
0.9036
0.9035
0.9033
0.9029
0.9024
0.9022
0.9034
0.9023
0.9025
0.9043
0.9038
0.903
0.9029
0.9038
0.9029
0.9019
0.9039
0.9044
0.9034
0.9036
0.9056
0.9034
0.904
0.9031
0.9033
0.9043
0.9042
0.9028
0.9026
0.903
0.9036
0.9025
0.9036
0.9009
0.9018
0.9033
0.903
0.9023
0.9025
0.9025
0.9036
0.9022
0.9015
0.9029
0.9026
0.9027
0.9008
0.9034
0.9025
0.9007
0.9025
0.9028
0.902
0.9012
0.9025
0.904
0.9029
0.9034
0.904
0.9028
0.9024
0.902
0.9028
0.9028
0.9014
0.9034
0.9032
0.9035
0.9043
0.9036
0.9027
0.9037
0.9023
0.9026
0.9034
0.9041
0.902
0.9033
0.9041
0.9057
0.9031
0.9039
0.9023
0.9035
0.9018
0.9035
0.9026
0.9025
0.903
0.9042
0.9056
0.9042
0.9049
0.9028
0.9038
0.9039
0.9043
0.9024
0.9037
0.9038
0.9024
0.9051
0.9035
0.9039
0.9048
0.9039
0.9041
0.9019
0.9045
0.9017
0.9019
0.9038
0.9044
0.9041
0.9023
0.9052
0.9027
0.9029
0.9043
0.9037
0.9038
0.9044
0.9031
0.9044
0.9062
0.904
0.9032
0.9026
0.9043
0.9046
0.903
0.9044
0.9046
0.9021
0.9045
0.9035
0.9021
0.9027
0.9022
0.9036
0.9024
0.9025
0.9028
0.9031
0.9034
0.902
0.9034
0.9035
0.9041
0.9034
0.9033
0.9044
0.9053
0.9035
0.9052
0.9047
0.9033
0.9032
0.9042
0.9016
0.903
0.9023
0.9023
0.9023
0.9034
0.903
0.9038
0.9023
0.9044
0.9024
0.9041
0.9029
0.9034
0.904
0.9027
0.9029
0.9032
0.9028
0.9018
0.9035
0.9036
0.9033
0.9053
0.9035
0.9038
0.9034
0.9039
0.9061
0.9051
0.9021
0.9028
0.906
0.9038
0.9035
0.9035
0.9039
0.9042
0.903
0.9011
0.9022
0.9039
0.9038
0.9047
0.9032
0.9027
0.9036
0.9021
0.9029
0.9028
0.9016
0.9028
0.9027
0.9039
0.9035
0.903
0.902
0.9047
0.9023
0.9032
0.9031
0.9036
0.9035
0.9022
0.9024
0.9029
0.904
0.9031
0.9032
0.9035
0.9032
0.9018
0.903
0.9027
0.9019
0.9039
0.9044
0.9028
0.9039
0.9027
0.9046
0.9028
0.9037
0.904
0.9043
0.9034
0.9033
0.9041
0.9061
0.9042
0.9046
0.903
0.9034
0.9041
0.9033
0.9022
0.9015
0.9032
0.9029
0.9021
0.9051
0.9027
0.9024
0.9026
0.9028
0.902
0.9036
0.9032
0.9019
0.9028
0.904
0.9036
0.9031
0.9042
0.9038
0.9039
0.9035
0.9036
0.9042
0.9053
0.9032
0.9028
0.9041
0.9059
0.9053
0.9038
0.9049
0.9038
0.9049
0.906
0.9031
0.9044
0.904
0.9035
0.9039
0.9041
0.9035
0.9057
0.9043
0.904
0.9041
0.9038
0.9037
0.9041
0.9029
0.9039
0.9035
0.903
0.9038
0.9015
0.9038
0.9028
0.902
0.903
0.9051
0.9042
0.9036
0.9042
0.9035
0.9042
0.9039
0.9035
0.9034
0.9037
0.9037
0.9031
0.903
0.9038
0.9042
0.9026
0.9037
0.9029
0.9045
0.9041
0.9038
0.9058
0.9043
0.9031
0.9039
0.9051
0.9055
0.9033
0.9038
0.9031
0.9038
0.9054
0.9027
0.903
0.9047
0.9041
0.9029
0.9015
0.904
0.9045
0.9039
0.906
0.9037
0.9045
0.9073
0.905
0.9039
0.904
0.9048
0.9042
0.9044
0.9029
0.9049
0.9047
0.9027
0.9041
0.9043
0.9033
0.9037
0.9045
0.9029
0.9029
0.9048
0.9045
0.9051
0.9041
0.9039
0.9047
0.9052
0.9043
0.904
0.9031
0.906
0.9055
0.9044
0.9037
0.9035
0.9035
0.9024
0.9022
0.903
0.9029
0.9041
0.9038
0.903
0.9028
0.9037
0.9037
0.903
0.9045
0.9046
0.9031
0.9035
0.905
0.9043
0.9039
0.9025
0.9048
0.9027
0.9022
0.903
0.9047
0.9031
0.904
0.9046
0.9033
0.9027
0.9029
0.9043
0.9026
0.9014
0.9011
0.9035
0.9031
0.9042
0.9026
0.9028
0.9042
0.9013
0.9022
0.9028
0.9026
0.9028
0.9018
0.9028
0.9024
0.9034
0.9034
0.9034
0.9041
0.9039
0.9043
0.9033
0.9037
0.9029
0.9033
0.9053
0.9041
0.9038
0.9049
0.9056
0.9054
0.9063
0.905
0.9037
0.9047
0.9043
0.904
0.9036
0.9041
0.9037
0.9041
0.9046
0.9044
0.9053
0.9044
0.9043
0.9046
0.9028
0.9047
0.904
0.903
0.9031
0.9044
0.9044
0.903
0.9046
0.9042
0.9062
0.9055
0.9043
0.9044
0.9058
0.9045
0.9039
0.9043
0.9032
0.906
0.9046
0.9047
0.9043
0.9053
0.9044
0.9035
0.9041
0.9054
0.9044
0.903
0.9042
0.9059
0.9037
0.9046
0.9037
0.9041
0.9053
0.9034
0.9044
0.9044
0.9056
0.9046
0.9041
0.9051
0.9038
0.9039
0.9044
0.9054
0.9056
0.9058
0.9058
0.9055
0.9051
0.9038
0.9038
0.9034
0.9032
0.9033
0.9026
0.9029
0.905
0.9048
0.903
0.9047
0.9048
0.9045
0.9046
0.9043
0.9037
0.9027
0.9041
0.9045
0.9025
0.9032
0.904
0.9054
0.9033
0.9039
0.905
0.9033
0.9055
0.9032
0.9046
0.9065
0.9048
0.9048
0.9031
0.9047
0.9059
0.9061
0.9034
0.9037
0.9038
0.9053
0.9043
0.9046
0.9044
0.9051
0.9057
0.9052
0.9047
0.9056
0.9054
0.9048
0.9042
0.9045
0.9058
0.9057
0.9061
0.9037
0.9054
0.9037
0.9059
0.9033
0.9048
0.9047
0.9036
0.9044
0.9038
0.9024
0.9043
0.9056
0.9039
0.9035
0.9037
0.9024
0.9046
0.9046
0.904
0.9043
0.9044
0.9032
0.9034
0.9054
0.9034
0.9034
0.9047
0.9031
0.9047
0.905
0.9036
0.9038
0.9045
0.9048
0.9045
0.9045
0.9049
0.9042
0.9056
0.9057
0.905
0.9043
0.905
0.9051
0.9054
0.9052
0.9042
0.9053
0.9043
0.9047
0.9042
0.9041
0.9055
0.9039
0.9041
0.9032
0.9047
0.9035
0.9026
0.9034
0.9058
0.9057
0.9048
0.9047
0.9044
0.9056
0.9044
0.9039
0.9034
0.9049
0.9047
0.9045
0.9053
0.9051
0.9042
0.9038
0.9039
0.9047
0.9049
0.9044
0.9055
0.9054
0.9047
0.9055
0.9057
0.9048
0.904
0.9049
0.9052
0.9045
0.9033
0.9027
0.905
0.9046
0.9036
0.9035
0.9044
0.9048
0.9037
0.9038
0.9042
0.9054
0.9049
0.9043
0.9055
0.9044
0.9043
0.9037
0.9038
0.9045
0.9052
0.9057
0.9052
0.9065
0.9058
0.9055
0.905
0.9047
0.9054
0.9044
0.9045
0.9047
0.904
0.9053
0.9057
0.9072
0.9074
0.9062
0.9063
0.9058
0.9043
0.9047
0.904
0.9036
0.9037
0.9046
0.9036
0.9031
0.9052
0.9043
0.905
0.9032
0.9047
0.9046
0.9025
0.9034
0.9043
0.9028
0.9046
0.9034
0.9059
0.9052
0.9054
0.9054
0.9046
0.904
0.9038
0.9031
0.9031
0.9027
0.9019
0.9028
0.9036
0.904
0.9043
0.9036
0.9033
0.9048
0.9047
0.9043
0.9032
0.9057
0.9035
0.9052
0.9067
0.9048
0.905
0.9038
0.9046
0.9053
0.905
0.9052
0.9036
0.9054
0.9054
0.9039
0.9056
0.9038
0.9048
0.9053
0.9047
0.9034
0.9031
0.9044
0.9037
0.9043
0.9039
0.905
0.9029
0.9057
0.9046
0.9033
0.9031
0.9027
0.903
0.903
0.9041
0.9037
0.9037
0.9038
0.9017
0.9032
0.9027
0.9045
0.9053
0.9045
0.904
0.9056
0.9043
0.9042
0.9034
0.904
0.905
0.9053
0.9052
0.9061
0.9047
0.9042
0.9052
0.9035
0.9049
0.904
0.9033
0.9036
0.9035
0.9032
0.9041
0.9048
0.9027
0.9043
0.9037
0.9043
0.9032
0.9046
0.9037
0.9056
0.9042
0.9038
0.9047
0.905
0.9039
0.9043
0.9048
0.9041
0.903
0.9054
0.904
0.9044
0.9023
0.9039
0.9037
0.9032
0.9044
0.9047
0.9059
0.9041
0.9056
0.9047
0.9052
0.9049
0.9031
0.9039
0.9038
0.9029
0.9037
0.9031
0.9026
0.9018
0.904
0.9038
0.9029
0.9052
0.9037
0.904
0.9045
0.9035
0.9045
0.9026
0.9052
0.9048
0.9036
0.9053
0.905
0.905
0.9033
0.9034
0.903
0.9036
0.9036
0.9031
0.904
0.9047
0.9028
0.9033
0.9046
0.9029
0.902
0.9034
0.9017
0.9033
0.9035
0.9015
0.9041
0.9046
0.9037
0.9041
0.9044
0.9044
0.904
0.903
0.9029
0.9042
0.904
0.9041
0.9041
0.9038
0.9023
0.9041
0.9029
0.9036
0.9035
0.9045
0.9046
0.9048
0.9035
0.905
0.903
0.9039
0.9056
0.9045
0.9032
0.9045
0.9032
0.9049
0.9049
0.9045
0.9037
0.9048
0.905
0.9041
0.9035
0.9053
0.9039
0.9043
0.9029
0.9029
0.9036
0.9048
0.905
0.9032
0.9048
0.9054
0.9049
0.9033
0.9039
0.9045
0.9035
0.9047
0.9057
0.9048
0.9058
0.9056
0.9048
0.9046
0.9024
0.9051
0.9032
0.9045
0.9041
0.9034
0.9038
0.9031
0.9035
0.9057
0.9035
0.9037
0.9042
0.9046
0.9038
0.9037
0.9043
0.9035
0.9032
0.9046
0.9047
0.9044
0.9044
0.9043
0.9031
0.9048
0.9042
0.9029
0.904
0.9037
0.9041
0.9036
0.9027
0.9024
0.9053
0.9049
0.9045
0.9036
0.9043
0.9033
0.9052
0.9045
0.9042
0.9066
0.9052
0.9043
0.9049
0.9033
0.9051
0.9041
0.9043
0.9038
0.904
0.904
0.9052
0.9051
0.9058
0.904
0.9034
0.9054
0.9037
0.9052
0.9038
0.903
0.9033
0.9037
0.9051
0.9056
0.9045
0.9041
0.9047
0.9052
0.906
0.9033
0.9031
0.9044
0.9038
0.9021
0.9048
0.9049
0.9055
0.9046
0.9046
0.905
0.9051
0.9055
0.9028
0.9031
0.9036
0.9053
0.905
0.9054
0.9044
0.9057
0.9035
0.905
0.9034
0.905
0.9036
0.9052
0.904
0.9035
0.9024
0.9031
0.9036
0.9046
0.9022
0.9034
0.903
0.9027
0.9023
0.9039
0.9037
0.9041
0.9028
0.9043
0.9042
0.9044
0.9025
0.9054
0.9052
0.9038
0.9049
0.9045
0.9036
0.9046
0.9036
0.9032
0.9038
0.9037
0.9026
0.9044
0.9037
0.9041
0.9029
0.9042
0.9021
0.9027
0.9029
0.9042
0.9031
0.9048
0.9034
0.9047
0.9042
0.9029
0.9025
0.9042
0.9046
0.9031
0.9048
0.9041
0.9045
0.9032
0.9035
0.9021
0.9026
0.9023
0.9042
0.9033
0.9041
0.9039
0.9041
0.9044
0.9041
0.9037
0.904
0.9049
0.9038
0.9042
0.9031
0.9033
0.9047
0.9023
0.9038
0.9029
0.9044
0.9043
0.9045
0.9029
0.9031
0.9034
0.904
0.9027
0.9039
0.9034
0.9039
0.9039
0.9034
0.9038
0.9033
0.9042
0.9044
0.9033
0.9058
0.904
0.9043
0.9059
0.9046
0.9048
0.9052
0.9055
0.9044
0.9046
0.9046
0.9026
0.9035
0.9038
0.9052
0.9056
0.9036
0.9051
0.906
0.9052
0.9064
0.904
0.9048
0.9052
0.9041
0.9047
0.905
0.9058
0.9055
0.9042
0.9061
0.9037
0.9033
0.9053
0.9052
0.9047
0.9055
0.906
0.9055
0.9061
0.9048
0.906
0.9039
0.9042
0.9057
0.9057
0.905
0.9052
0.9045
0.9037
0.9052
0.9037
0.9054
0.9045
0.9034
0.9048
0.9046
0.9042
0.9033
0.9047
0.9052
0.9039
0.9029
0.9044
0.9044
0.9057
0.9048
0.9042
0.9034
0.905
0.9044
0.9052
0.9054
0.9041
0.9059
0.9045
0.906
0.9034
0.905
0.9035
0.9039
0.906
0.9048
0.9058
0.9042
0.906
0.9041
0.9069
0.9049
0.9057
0.906
0.9043
0.9051
0.9054
0.9038
0.9048
0.9061
0.9052
0.9064
0.906
0.907
0.9058
0.9052
0.9059
0.9069
0.9064
0.9045
0.9056
0.9057
0.9065
0.9051
0.9054
0.9067
0.906
0.9049
0.9047
0.9067
0.9049
0.9047
0.9066
0.906
0.9045
0.9036
0.905
0.9057
0.905
0.906
0.9046
0.906
0.9075
0.9068
0.906
0.9065
0.9043
0.906
0.9057
0.9064
0.9058
0.9038
0.9043
0.9055
0.9048
0.9067
0.906
0.9051
0.9067
0.9061
0.9056
0.9053
0.906
0.9057
0.905
0.9044
0.9057
0.904
0.9041
0.904
0.906
0.9045
0.9041
0.9035
0.9037
0.9051
0.9039
0.9056
0.9044
0.9036
0.9052
0.9044
0.9042
0.9038
0.9047
0.9054
0.9036
0.9031
0.9027
0.9024
0.9044
0.904
0.9037
0.905
0.904
0.9025
0.9036
0.9046
0.9032
0.9038
0.903
0.9049
0.9038
0.9052
0.9043
0.9045
0.9036
0.9045
0.9048
0.9038
0.9038
0.904
0.9038
0.9044
0.904
0.9038
0.9051
0.9061
0.9027
0.9048
0.9068
0.9046
0.9051
0.9043
0.9043
0.9049
0.9046
0.9035
0.9037
0.9041
0.9037
0.9028
0.905
0.9045
0.904
0.9054
0.9042
0.9045
0.9043
0.9052
0.9041
0.9052
0.9059
0.9048
0.9028
0.9041
0.9037
0.9044
0.9028
0.9043
0.9031
0.9041
0.9047
0.9045
0.905
0.9039
0.904
0.9047
0.9042
0.9037
0.9055
0.9038
0.906
0.9047
0.903
0.9042
0.9028
0.9038
0.9043
0.9031
0.9055
0.9055
0.9039
0.9033
0.905
0.9047
0.903
0.9048
0.9041
0.905
0.9026
0.9034
0.9054
0.9046
0.9048
0.9045
0.9042
0.9042
0.9058
0.9046
0.9027
0.9051
0.9046
0.9043
0.9053
0.9042
0.906
0.9048
0.9057
0.9066
0.9057
0.9044
0.9043
0.9056
0.9044
0.9048
0.9056
0.9049
0.904
0.9029
0.904
0.9048
0.9051
0.9044
0.9043
0.9045
0.9041
0.9034
0.9057
0.9045
0.9062
0.9047
0.9049
0.9039
0.9056
0.9063
0.9059
0.9046
0.904
0.9041
0.9042
0.9036
0.9042
0.9047
0.9048
0.9041
0.9028
0.9037
0.9053
0.9037
0.9047
0.9043
0.9042
0.9046
0.9046
0.9042
0.9063
0.9051
0.9044
0.9051
0.9045
0.9045
0.9051
0.9061
0.906
0.9054
0.905
0.9056
0.9042
0.9061
0.9058
0.9065
0.9054
0.9043
0.9051
0.9039
0.9043
0.9058
0.9063
0.9041
0.9036
0.9034
0.9036
0.9041
0.9039
0.9041
0.9035
0.9057
0.9058
0.9043
0.905
0.9055
0.9045
0.9053
0.9047
0.9044
0.9043
0.904
0.9023
0.9043
0.9051
0.9027
0.9047
0.9038
0.9027
0.9027
0.9031
0.9041
0.9042
0.9023
0.9036
0.9054
0.9027
0.9033
0.9041
0.9056
0.9046
0.9037
0.9037
0.9055
0.9053
0.9044
0.906
0.9047
0.9054
0.9051
0.9035
0.9047
0.9056
0.9045
0.9047
0.9041
0.9047
0.9047
0.9046
0.9046
0.9054
0.9053
0.9055
0.9049
0.9034
0.9032
0.904
0.9036
0.904
0.9033
0.904
0.9038
0.9025
0.9033
0.9045
0.9028
0.905
0.9048
0.905
0.9032
0.906
0.9044
0.9038
0.9055
0.9049
0.9034
0.905
0.9051
0.9045
0.9055
0.9038
0.9052
0.9054
0.9033
0.9041
0.9044
0.9029
0.9046
0.9038
0.9043
0.9049
0.9038
0.904
0.9054
0.9044
0.9053
0.9051
0.9046
0.9034
0.9038
0.9039
0.9037
0.9048
0.9037
0.9027
0.9034
0.904
0.9043
0.9038
0.9044
0.9042
0.9039
0.9038
0.9036
0.9026
0.9025
0.9043
0.9039
0.904
0.9039
0.9032
0.9037
0.905
0.9045
0.903
0.9048
0.9046
0.9044
0.903
0.9038
0.9038
0.9049
0.9043
0.9019
0.9048
0.905
0.905
0.9057
0.9035
0.9044
0.9048
0.9044
0.9038
0.9043
0.9063
0.9041
0.9039
0.9048
0.9042
0.9052
0.9051
0.9043
0.9057
0.9037
0.9045
0.9051
0.904
0.9041
0.9038
0.903
0.9021
0.9038
0.9047
0.9036
0.9047
0.9046
0.9042
0.904
0.9041
0.9035
0.9039
0.9036
0.9037
0.9047
0.9038
0.9032
0.9043
0.9051
0.9032
0.9023
0.9035
0.9045
0.9043
0.9035
0.9043
0.9051
0.9035
0.9037
0.9035
0.9034
0.9039
0.9029
0.9033
0.9028
0.9036
0.903
0.9034
0.9032
0.9033
0.9035
0.9042
0.9038
0.9029
0.9028
0.9045
0.904
0.905
0.9025
0.9034
0.9049
0.9034
0.9041
0.9053
0.9039
0.9045
0.9041
0.9041
0.9049
0.9037
0.9043
0.905
0.9042
0.9028
0.9041
0.9023
0.9043
0.9032
0.9037
0.9038
0.9026
0.9037
0.9048
0.9058
0.9038
0.9037
0.9034
0.9041
0.9036
0.9035
0.9041
0.9048
0.9032
0.9046
0.9026
0.9044
0.9055
0.904
0.9047
0.9047
0.9052
0.9039
0.9031
0.9038
0.9048
0.9049
0.9056
0.9046
0.9051
0.9044
0.9047
0.9041
0.9038
0.9048
0.9048
0.9044
0.9062
0.9051
0.9046
0.9035
0.9041
0.9042
0.9036
0.9046
0.9047
0.9043
0.9052
0.9041
0.9036
0.9058
0.9052
0.9052
0.9047
0.9036
0.9043
0.9041
0.9046
0.905
0.9048
0.9039
0.9044
0.9045
0.9054
0.9034
0.9035
0.9045
0.9039
0.9053
0.9036
0.9042
0.9038
0.9045
0.9032
0.9036
0.9048
0.9046
0.9037
0.9047
0.9048
0.9048
0.904
0.9044
0.906
0.904
0.9047
0.9046
0.9052
0.9036
0.9054
0.905
0.9041
0.9035
0.9038
0.904
0.9041
0.9049
0.9051
0.9046
0.9044
0.9051
0.9055
0.9042
0.9044
0.9046
0.9045
0.9049
0.904
0.9056
0.9045
0.9044
0.9031
0.9047
0.9041
0.9042
0.9053
0.905
0.9042
0.9041
0.9039
0.9038
0.9036
0.9041
0.9042
0.9046
0.9047
0.9045
0.9055
0.9066
0.9065
0.9054
0.9053
0.9044
0.9038
0.9049
0.904
0.9049
0.9047
0.9052
0.9051
0.9053
0.906
0.905
0.906
0.903
0.9033
0.9044
0.9042
0.9053
0.9043
0.9045
0.9051
0.9027
0.9045
0.9045
0.905
0.9045
0.9068
0.9039
0.9055
0.9051
0.9036
0.904
0.9041
0.9039
0.906
0.9048
0.9038
0.9049
0.9051
0.9048
0.9054
0.904
0.9048
0.9056
0.9045
0.9049
0.906
0.9052
0.9044
0.9045
0.9032
0.9044
0.903
0.9041
0.9038
0.9032
0.9047
0.9041
0.9021
0.9045
0.9042
0.9044
0.9039
0.9051
0.9033
0.9045
0.9056
0.9045
0.9046
0.9042
0.9046
0.9054
0.9053
0.9034
0.9044
0.9044
0.9029
0.9038
0.9037
0.9044
0.9049
0.9033
0.9066
0.9048
0.905
0.9049
0.9042
0.9046
0.905
0.9038
0.904
0.9052
0.9031
0.9043
0.9038
0.9038
0.9035
0.9033
0.9042
0.9043
0.9052
0.9055
0.9053
0.905
0.9048
0.905
0.905
0.9036
0.9044
0.9028
0.9046
0.9041
0.905
0.9029
0.9039
0.9033
0.904
0.9041
0.904
0.9038
0.9049
0.9036
0.9043
0.9051
0.9054
0.9044
0.9032
0.9037
0.9054
0.9036
0.9028
0.9036
0.9054
0.9056
0.9035
0.9037
0.903
0.9036
0.9046
0.904
0.9051
0.9032
0.904
0.903
0.9039
0.9041
0.9023
0.9038
0.9031
0.9033
0.9058
0.9046
0.9035
0.903
0.9056
0.9025
0.9046
0.904
0.903
0.9036
0.9052
0.9026
0.9042
0.9039
0.9033
0.904
0.9036
0.9059
0.9045
0.9037
0.9041
0.9051
0.9045
0.9049
0.9039
0.9051
0.9052
0.9046
0.9036
0.9056
0.9044
0.9041
0.9034
0.9034
0.9028
0.9043
0.9041
0.9034
0.9023
0.9033
0.9034
0.9042
0.9045
0.9046
0.9059
0.9053
0.9052
0.9038
0.9036
0.905
0.9045
0.9034
0.9041
0.9043
0.9052
0.9035
0.9039
0.9025
0.9029
0.9052
0.905
0.9039
0.9043
0.9027
0.9034
0.9049
0.9037
0.9011
0.9032
0.904
0.904
0.9036
0.9039
0.9058
0.903
0.9033
0.9054
0.9041
0.9049
0.9043
0.9058
0.9032
0.9037
0.9045
0.9055
0.9046
0.9043
0.9047
0.9051
0.9052
0.904
0.9037
0.9068
0.9039
0.9048
0.9036
0.9035
0.9042
0.9043
0.904
0.9043
0.9053
0.9056
0.9064
0.9049
0.9043
0.9049
0.9068
0.9043
0.904
0.9056
0.9045
0.9047
0.9061
0.904
0.9049
0.9055
0.9047
0.9051
0.9059
0.9054
0.9043
0.9038
0.9044
0.9036
0.9043
0.9039
0.9031
0.9025
0.9038
0.9045
0.9036
0.9037
0.9018
0.9036
0.9048
0.9052
0.9035
0.9038
0.9034
0.9039
0.9047
0.9034
0.9038
0.9039
0.906
0.9037
0.9043
0.9036
0.9031
0.9043
0.904
0.9033
0.905
0.9048
0.903
0.9034
0.9041
0.9035
0.9022
0.9024
0.9033
0.9032
0.904
0.9031
0.9036
0.9039
0.9047
0.9048
0.9037
0.9035
0.9051
0.9046
0.9062
0.9063
0.9038
0.9062
0.9029
0.9045
0.9042
0.9035
0.9037
0.906
0.9047
0.9055
0.9057
0.9064
0.9054
0.9046
0.9058
0.9048
0.9045
0.9044
0.9043
0.9047
0.9054
0.9043
0.905
0.9032
0.9048
0.9042
0.9054
0.9036
0.9033
0.9041
0.9045
0.9057
0.9048
0.9051
0.903
0.9038
0.903
0.9029
0.9017
0.9023
0.9035
0.9034
0.9033
0.9044
0.9055
0.9042
0.9038
0.9054
0.9042
0.9039
0.9044
0.9052
0.9045
0.9033
0.904
0.9037
0.9033
0.9054
0.9037
0.904
0.9045
0.9041
0.9039
0.9044
0.9038
0.9035
0.9043
0.9037
0.9039
0.9038
0.9036
0.9032
0.9019
0.9021
0.9022
0.904
0.9045
0.9043
0.9049
0.9041
0.9031
0.9043
0.9036
0.9043
0.9049
0.9046
0.905
0.9046
0.9053
0.9042
0.9039
0.9037
0.9049
0.904
0.9041
0.9054
0.906
0.9042
0.9043
0.9034
0.9047
0.9047
0.9052
0.9045
0.9049
0.9049
0.9059
0.9053
0.904
0.9052
0.9038
0.9044
0.9053
0.9045
0.9055
0.9048
0.9041
0.9044
0.9056
0.9045
0.9048
0.9048
0.9047
0.9057
0.9046
0.9043
0.9045
0.904
0.9038
0.9047
0.9058
0.9055
0.9062
0.9055
0.9054
0.9037
0.904
0.9042
0.9045
0.9044
0.9048
0.903
0.9047
0.9042
0.9053
0.9046
0.9062
0.9054
0.9049
0.9036
0.9035
0.904
0.9045
0.9039
0.9066
0.9033
0.9043
0.9057
0.9031
0.9056
0.905
0.9066
0.9045
0.9047
0.9047
0.9053
0.9052
0.9036
0.9047
0.9051
0.9035
0.9044
0.905
0.9051
0.9048
0.9046
0.9039
0.9045
0.904
0.9033
0.9041
0.9032
0.9036
0.9037
0.9037
0.9032
0.9043
0.9056
0.9046
0.905
0.9039
0.9053
0.9044
0.9049
0.9067
0.9048
0.9039
0.9051
0.9045
0.9049
0.9042
0.906
0.9028
0.9043
0.9044
0.9032
0.9053
0.9053
0.9047
0.903
0.9051
0.9049
0.9043
0.9036
0.9038
0.9039
0.9042
0.904
0.9048
0.9062
0.9047
0.9046
0.904
0.9057
0.905
0.9053
0.9042
0.9033
0.9055
0.9053
0.903
0.9061
0.9051
0.9052
0.905
0.9056
0.9052
0.9055
0.905
0.9056
0.9044
0.9058
0.9055
0.9038
0.9045
0.904
0.9042
0.9033
0.9042
0.9039
0.9032
0.903
0.9038
0.904
0.9044
0.9056
0.9064
0.9063
0.905
0.9044
0.9044
0.905
0.9054
0.9067
0.9046
0.9055
0.9045
0.9039
0.9043
0.9048
0.9051
0.9041
0.9063
0.9055
0.9051
0.9049
0.9059
0.9044
0.9033
0.9061
0.9052
0.905
0.9051
0.9045
0.9046
0.9039
0.9041
0.9052
0.9048
0.9048
0.905
0.9044
0.9045
0.9059
0.9058
0.9055
0.9046
0.9054
0.9052
0.9046
0.9047
0.906
0.9055
0.9058
0.9054
0.9064
0.9051
0.9054
0.9047
0.9041
0.9045
0.9053
0.9051
0.9068
0.9063
0.9041
0.9063
0.9053
0.9053
0.9077
0.9078
0.9066
0.905
0.9055
0.9068
0.9055
0.9061
0.9047
0.9058
0.9054
0.9038
0.9061
0.9061
0.9069
0.9059
0.9045
0.9051
0.904
0.9044
0.9041
0.9048
0.9049
0.9055
0.9048
0.9052
0.9056
0.9057
0.9035
0.9046
0.9055
0.9042
0.9055
0.9046
0.9052
0.9048
0.9066
0.9065
0.9056
0.9054
0.9055
0.9058
0.9054
0.9056
0.906
0.9056
0.9052
0.9059
0.906
0.9054
0.9043
0.9045
0.9043
0.9035
0.9032
0.9036
0.9034
0.9048
0.9052
0.9059
0.9031
0.9056
0.9058
0.9045
0.9053
0.9047
0.9052
0.9052
0.9052
0.9066
0.9055
0.9064
0.905
0.905
0.9048
0.9044
0.9034
0.905
0.904
0.9051
0.9055
0.9055
0.9034
0.9032
0.9045
0.9056
0.9039
0.9036
0.9045
0.9043
0.9042
0.9047
0.9047
0.9043
0.9033
0.9046
0.9058
0.9069
0.9056
0.9067
0.9066
0.906
0.905
0.9044
0.9044
0.9055
0.9053
0.9047
0.9038
0.9045
0.9057
0.9053
0.907
0.9063
0.9058
0.9062
0.9045
0.9053
0.9061
0.9047
0.9052
0.9057
0.9049
0.9032
0.9033
0.9052
0.9043
0.9043
0.9035
0.9055
0.9056
0.9032
0.9042
0.905
0.9042
0.9053
0.9059
0.9054
0.906
0.9058
0.9048
0.9042
0.9047
0.9038
0.9041
0.9047
0.9047
0.9059
0.905
0.905
0.9045
0.905
0.9056
0.9055
0.9041
0.904
0.9048
0.9046
0.9064
0.9038
0.9033
0.9038
0.9034
0.9032
0.9046
0.9043
0.9052
0.9057
0.9068
0.9039
0.9045
0.9036
0.903
0.905
0.9049
0.904
0.9055
0.9054
0.9051
0.9053
0.9045
0.9044
0.9046
0.9046
0.9044
0.9036
0.9045
0.9053
0.9055
0.9065
0.9057
0.9038
0.9056
0.9038
0.9057
0.9052
0.9043
0.9053
0.9058
0.9039
0.9048
0.9048
0.9048
0.9041
0.9047
0.9055
0.9049
0.9042
0.9043
0.9037
0.9041
0.9058
0.9035
0.9044
0.9036
0.9039
0.9037
0.9024
0.9036
0.9046
0.9038
0.9053
0.9034
0.9035
0.905
0.9043
0.9043
0.9035
0.9033
0.9041
0.9048
0.9058
0.9038
0.9036
0.9041
0.904
0.9039
0.9041
0.9056
0.9055
0.9054
0.9049
0.9059
0.9048
0.9038
0.9037
0.9052
0.9042
0.9048
0.905
0.9053
0.9042
0.9056
0.9048
0.9042
0.9049
0.9056
0.9026
0.9036
0.9035
0.9051
0.9056
0.9043
0.9055
0.9068
0.9057
0.9045
0.9045
0.9043
0.9057
0.9056
0.9055
0.9061
0.9059
0.9055
0.9043
0.9057
0.9039
0.9052
0.9052
0.9048
0.9055
0.905
0.9062
0.9045
0.9045
0.9047
0.9031
0.9065
0.9058
0.9046
0.9042
0.904
0.9046
0.9043
0.9044
0.9042
0.9035
0.9053
0.9055
0.9054
0.9046
0.9056
0.9038
0.9052
0.9057
0.9051
0.9053
0.9061
0.9059
0.9068
0.9042
0.9046
0.9048
0.9048
0.9034
0.9043
0.9042
0.906
0.9046
0.9043
0.9045
0.905
0.9046
0.9054
0.9046
0.9035
0.9039
0.9059
0.9051
0.9053
0.9044
0.9043
0.9046
0.9039
0.904
0.9042
0.9065
0.9047
0.9049
0.9058
0.9043
0.9052
0.9045
0.9038
0.9036
0.9043
0.9038
0.9042
0.9044
0.9036
0.9053
0.9049
0.9068
0.905
0.9061
0.9041
0.9058
0.9043
0.9052
0.9043
0.9056
0.9057
0.9044
0.9046
0.9044
0.9042
0.9041
0.9024
0.9044
0.9051
0.905
0.9032
0.9055
0.9046
0.9038
0.9051
0.9049
0.9044
0.903
0.9032
0.9032
0.9047
0.9044
0.9046
0.9043
0.9043
0.9053
0.9038
0.9061
0.904
0.9041
0.9057
0.9062
0.906
0.9032
0.9059
0.9045
0.904
0.9041
0.9038
0.9052
0.9039
0.9042
0.9053
0.906
0.9037
0.9051
0.9059
0.9044
0.9041
0.9054
0.9058
0.9048
0.9037
0.9044
0.9041
0.9039
0.9048
0.9038
0.9046
0.904
0.904
0.9049
0.9066
0.9056
0.9065
0.9054
0.9066
0.9047
0.9051
0.9063
0.9046
0.9048
0.9054
0.9067
0.9051
0.906
0.9035
0.905
0.9053
0.9044
0.9042
0.9053
0.9052
0.9049
0.9048
0.9057
0.9032
0.9052
0.9052
0.9057
0.9047
0.9072
0.9051
0.9065
0.9049
0.9046
0.9052
0.9047
0.9044
0.9049
0.9049
0.9056
0.904
0.9047
0.905
0.9041
0.9047
0.9049
0.9047
0.9054
0.9055
0.9046
0.9038
0.9037
0.9043
0.9058
0.9056
0.9036
0.9047
0.904
0.9048
0.9053
0.9062
0.9055
0.9054
0.9047
0.9057
0.9066
0.9065
0.9064
0.9045
0.9048
0.907
0.9046
0.9057
0.9048
0.9046
0.9042
0.9043
0.905
0.9046
0.9026
0.9042
0.905
0.9052
0.9058
0.9036
0.9038
0.905
0.9041
0.9042
0.9038
0.9049
0.9045
0.9055
0.9053
0.9041
0.9048
0.9058
0.9054
0.9053
0.904
0.9044
0.9055
0.9047
0.9049
0.9049
0.9053
0.9038
0.905
0.9051
0.9043
0.9054
0.9041
0.9045
0.9045
0.9049
0.905
0.9047
0.9042
0.9038
0.9047
0.9051
0.9041
0.9041
0.9041
0.904
0.9035
0.9044
0.9035
0.9048
0.904
0.9039
0.9046
0.9063
0.9045
0.9041
0.9041
0.9043
0.9039
0.9039
0.9047
0.9045
0.9036
0.9037
0.9054
0.9043
0.9038
0.9046
0.9049
0.905
0.905
0.906
0.9041
0.9042
0.9043
0.9059
0.9048
0.904
0.9042
0.9037
0.9029
0.9048
0.9049
0.9038
0.9063
0.9048
0.9044
0.904
0.9039
0.9043
0.9064
0.9049
0.9053
0.906
0.9047
0.9037
0.9045
0.9044
0.9039
0.9033
0.9037
0.9057
0.9053
0.9053
0.9037
0.9046
0.9042
0.9053
0.9041
0.9044
0.9049
0.9048
0.9034
0.9031
0.9056
0.9044
0.9044
0.9049
0.9049
0.9047
0.9053
0.9047
0.9042
0.906
0.9042
0.904
0.9046
0.9061
0.906
0.9055
0.9057
0.9058
0.905
0.9053
0.9053
0.9039
0.9059
0.9054
0.9042
0.9054
0.9041
0.9047
0.9044
0.904
0.9045
0.9043
0.9044
0.9046
0.9065
0.9051
0.9053
0.9058
0.9045
0.9039
0.9036
0.906
0.9056
0.9048
0.9049
0.9052
0.9048
0.9065
0.9047
0.9033
0.9036
0.9051
0.9046
0.9041
0.906
0.9056
0.9031
0.9043
0.9051
0.9043
0.9066
0.904
0.9058
0.9041
0.905
0.9046
0.903
0.9049
0.9033
0.9039
0.9037
0.9051
0.9048
0.9048
0.905
0.9056
0.905
0.9034
0.9062
0.9053
0.9045
0.9048
0.9054
0.9056
0.9061
0.9053
0.9057
0.9045
0.9053
0.9055
0.9055
0.9062
0.905
0.905
0.9057
0.9058
0.9048
0.9047
0.9054
0.9044
0.9044
0.9049
0.9054
0.9051
0.9033
0.9042
0.9044
0.9052
0.9046
0.9048
0.9051
0.9045
0.9036
0.9052
0.9052
0.9054
0.9049
0.9061
0.905
0.9054
0.905
0.9055
0.9048
0.9055
0.9052
0.9065
0.9058
0.9068
0.9073
0.9051
0.9059
0.9048
0.9057
0.9057
0.9056
0.9049
0.9055
0.9051
0.9037
0.9053
0.9056
0.9057
0.9057
0.9066
0.9056
0.905
0.9075
0.9038
0.9038
0.9057
0.906
0.9056
0.9053
0.9045
0.9044
0.9059
0.9042
0.9051
0.9058
0.9044
0.9057
0.9046
0.9036
0.9046
0.9045
0.9053
0.9045
0.9053
0.9055
0.9054
0.905
0.9053
0.9047
0.9036
0.9041
0.9034
0.9049
0.9051
0.9058
0.9052
0.9061
0.9057
0.9048
0.9047
0.9046
0.9051
0.9055
0.9051
0.9052
0.9048
0.905
0.9049
0.906
0.9061
0.9064
0.9058
0.9052
0.9058
0.9053
0.9058
0.9065
0.9061
0.9071
0.9058
0.9056
0.9056
0.9057
0.9064
0.9057
0.9062
0.9073
0.906
0.9075
0.9058
0.9072
0.906
0.9064
0.9054
0.9069
0.9059
0.9044
0.9044
0.9068
0.9064
0.9064
0.9053
0.9048
0.9049
0.9063
0.9061
0.9046
0.9055
0.9051
0.9052
0.907
0.9053
0.907
0.9067
0.9067
0.9054
0.9049
0.9051
0.9055
0.9054
0.9045
0.9056
0.9063
0.9071
0.9066
0.9063
0.9065
0.9055
0.9058
0.9042
0.905
0.9061
0.9049
0.9047
0.9056
0.9041
0.9052
0.9054
0.9067
0.9064
0.9051
0.9044
0.9038
0.9049
0.9055
0.9055
0.9055
0.9055
0.9046
0.9041
0.9058
0.9049
0.9038
0.9046
0.9057
0.9038
0.906
0.9055
0.9057
0.9051
0.9055
0.9055
0.9052
0.9042
0.9046
0.9046
0.9059
0.9055
0.9073
0.9041
0.9055
0.9062
0.9051
0.9033
0.9058
0.9058
0.9057
0.9052
0.9057
0.906
0.9062
0.9053
0.9058
0.9052
0.907
0.9063
0.906
0.9056
0.906
0.9054
0.9063
0.9065
0.9062
0.9056
0.9043
0.9055
0.9055
0.9056
0.9037
0.9038
0.9043
0.9063
0.9066
0.9051
0.9063
0.9061
0.9056
0.906
0.9053
0.9044
0.9053
0.9043
0.9044
0.9064
0.906
0.9061
0.9061
0.9058
0.9062
0.9058
0.9055
0.9064
0.9069
0.9064
0.9057
0.9069
0.9065
0.9052
0.9053
0.9054
0.905
0.9039
0.9061
0.9047
0.9056
0.9042
0.9051
0.9051
0.9057
0.9056
0.9056
0.9056
0.906
0.9061
0.9055
0.9066
0.9065
0.9058
0.9051
0.9057
0.9056
0.9057
0.9064
0.9057
0.9061
0.906
0.9064
0.9059
0.9065
0.907
0.9051
0.9044
0.905
0.9049
0.9048
0.9037
0.9053
0.9053
0.9066
0.9058
0.9036
0.905
0.9066
0.9072
0.9051
0.9066
0.9067
0.9065
0.9054
0.9039
0.9054
0.9051
0.9065
0.9068
0.9061
0.9058
0.9055
0.9056
0.9057
0.9052
0.9058
0.905
0.9057
0.9052
0.9042
0.9046
0.9047
0.9067
0.9063
0.905
0.9064
0.9059
0.9071
0.9046
0.9058
0.9061
0.9049
0.9068
0.9048
0.9063
0.9038
0.9043
0.9057
0.9051
0.9051
0.9059
0.9057
0.9053
0.9045
0.9055
0.9065
0.9055
0.906
0.9063
0.9045
0.9058
0.9058
0.9052
0.9052
0.9048
0.9041
0.9056
0.907
0.9046
0.905
0.9066
0.906
0.9069
0.9055
0.9063
0.9063
0.9064
0.9057
0.9052
0.9053
0.9044
0.9062
0.9059
0.9041
0.9041
0.9056
0.9043
0.9036
0.9049
0.9051
0.9037
0.9054
0.905
0.9039
0.9055
0.9048
0.9044
0.9033
0.9041
0.904
0.9032
0.9048
0.9046
0.9052
0.9044
0.9043
0.9068
0.9044
0.9063
0.9054
0.9058
0.9046
0.9045
0.9057
0.9053
0.9057
0.9044
0.9036
0.9056
0.9051
0.9032
0.9055
0.9035
0.9048
0.9052
0.9048
0.9042
0.9043
0.9041
0.9065
0.9052
0.9049
0.9054
0.9048
0.9039
0.9046
0.9055
0.9061
0.9053
0.906
0.9056
0.9057
0.9051
0.9057
0.9059
0.9043
0.9065
0.9049
0.9045
0.9059
0.9057
0.9041
0.905
0.9048
0.9052
0.9059
0.9058
0.9055
0.9062
0.9057
0.9061
0.905
0.9057
0.9061
0.9049
0.9049
0.9051
0.9062
0.9051
0.9051
0.904
0.9058
0.906
0.9056
0.9052
0.9071
0.906
0.9064
0.9077
0.9063
0.9064
0.9063
0.9064
0.9064
0.9051
0.9063
0.9054
0.9053
0.9063
0.9062
0.9054
0.9047
0.906
0.9069
0.9063
0.9057
0.9069
0.9066
0.9076
0.9059
0.9068
0.906
0.906
0.9056
0.9069
0.907
0.9071
0.9056
0.9061
0.9065
0.9053
0.9072
0.9063
0.9069
0.9059
0.9052
0.906
0.9059
0.9043
0.9066
0.906
0.907
0.9062
0.9071
0.906
0.9053
0.9068
0.9062
0.9063
0.9068
0.9072
0.9074
0.9068
0.9063
0.9069
0.906
0.907
0.9058
0.9047
0.9065
0.9055
0.9046
0.9079
0.905
0.9059
0.9057
0.9053
0.9067
0.9061
0.9074
0.907
0.9061
0.9059
0.9061
0.9062
0.906
0.9069
0.9051
0.9063
0.9051
0.9058
0.9069
0.9064
0.9062
0.9065
0.9074
0.9068
0.9057
0.9058
0.9071
0.9051
0.9054
0.9048
0.9049
0.9062
0.9058
0.9062
0.906
0.9056
0.9061
0.9052
0.9048
0.905
0.9063
0.9057
0.9055
0.9062
0.9062
0.9056
0.9057
0.9054
0.9055
0.9058
0.9064
0.9047
0.9052
0.9054
0.9055
0.9059
0.9052
0.9055
0.905
0.9041
0.9035
0.9063
0.9058
0.9054
0.9039
0.906
0.9053
0.9068
0.9061
0.9073
0.9071
0.9068
0.9051
0.9058
0.9057
0.9068
0.9065
0.9052
0.9059
0.9068
0.9067
0.9073
0.9062
0.9051
0.9051
0.9065
0.9059
0.906
0.9061
0.9065
0.9062
0.906
0.9065
0.9059
0.9064
0.907
0.9068
0.9065
0.9064
0.9055
0.9069
0.9056
0.9048
0.9057
0.9048
0.9063
0.9047
0.9058
0.9069
0.906
0.9045
0.9064
0.9057
0.9061
0.9058
0.906
0.9067
0.9055
0.9065
0.906
0.9074
0.9054
0.9041
0.9035
0.9056
0.9053
0.9046
0.9051
0.9046
0.9055
0.9047
0.9059
0.9035
0.9058
0.9042
0.9054
0.9046
0.9052
0.905
0.9065
0.9058
0.9051
0.906
0.9049
0.906
0.9039
0.9054
0.9049
0.9062
0.906
0.9044
0.9057
0.9073
0.9056
0.9054
0.9061
0.9044
0.9048
0.9077
0.9057
0.9065
0.9056
0.9056
0.9035
0.906
0.9055
0.9057
0.9058
0.9038
0.9059
0.9057
0.9055
0.9047
0.9062
0.9058
0.9064
0.9051
0.9056
0.9061
0.9073
0.9076
0.9057
0.9055
0.9061
0.9061
0.9071
0.9057
0.905
0.9068
0.9072
0.9062
0.9069
0.9062
0.9073
0.9068
0.9051
0.906
0.9057
0.9056
0.9064
0.905
0.9061
0.9064
0.907
0.9066
0.9068
0.9057
0.9059
0.9049
0.9054
0.9052
0.9052
0.9035
0.9033
0.9061
0.9047
0.9033
0.9048
0.9052
0.9059
0.9067
0.9054
0.9053
0.9065
0.9064
0.9068
0.9048
0.9066
0.9077
0.9052
0.9063
0.9066
0.9064
0.9064
0.9065
0.9068
0.9064
0.9065
0.9059
0.9065
0.907
0.9068
0.9058
0.9069
0.9052
0.9069
0.9064
0.9059
0.9066
0.9064
0.9066
0.9053
0.9064
0.9068
0.9061
0.9057
0.9047
0.9064
0.905
0.9056
0.9057
0.9053
0.9049
0.905
0.9042
0.9054
0.9058
0.9057
0.9053
0.905
0.906
0.9045
0.9056
0.9054
0.9052
0.9056
0.9044
0.9037
0.9057
0.9049
0.906
0.9061
0.9066
0.9069
0.9066
0.9041
0.9052
0.907
0.9057
0.9058
0.9055
0.9059
0.9049
0.9062
0.9059
0.9059
0.9056
0.907
0.9054
0.907
0.9065
0.9058
0.9054
0.9059
0.9039
0.9056
0.9035
0.906
0.9061
0.9066
0.9057
0.906
0.9062
0.9053
0.9048
0.9067
0.9055
0.905
0.9038
0.9048
0.9051
0.9044
0.9058
0.9054
0.9047
0.9059
0.9069
0.9057
0.9049
0.9049
0.9045
0.9064
0.9055
0.9059
0.9051
0.9059
0.9075
0.9068
0.9059
0.9062
0.9052
0.9055
0.9054
0.9043
0.9046
0.9067
0.9074
0.9069
0.9047
0.9057
0.9055
0.9066
0.906
0.9058
0.9048
0.9066
0.9045
0.9059
0.9067
0.9065
0.9052
0.9064
0.9056
0.9064
0.9059
0.906
0.9049
0.9059
0.9053
0.9045
0.9045
0.9053
0.9046
0.9042
0.9064
0.9062
0.9054
0.9059
0.906
0.9066
0.9056
0.9058
0.9052
0.9061
0.9053
0.9048
0.9044
0.9058
0.9051
0.907
0.9049
0.9036
0.9047
0.9051
0.9056
0.9053
0.9041
0.9037
0.9061
0.9041
0.9059
0.9051
0.9046
0.9062
0.9062
0.9056
0.9062
0.9057
0.9067
0.907
0.9055
0.9059
0.9067
0.9073
0.9067
0.9079
0.9068
0.9085
0.9074
0.9066
0.9057
0.9061
0.9055
0.907
0.9061
0.907
0.9063
0.9052
0.9062
0.9055
0.9059
0.906
0.9073
0.907
0.9051
0.9057
0.9064
0.9056
0.9051
0.9061
0.9052
0.9044
0.9055
0.906
0.9073
0.9067
0.9052
0.9048
0.9051
0.9049
0.9062
0.9048
0.904
0.9054
0.905
0.9054
0.9052
0.9056
0.9057
0.9047
0.9049
0.9055
0.9053
0.9055
0.9038
0.9037
0.9036
0.906
0.9047
0.9057
0.9052
0.9064
0.907
0.9065
0.9054
0.9065
0.9055
0.9056
0.9049
0.9045
0.9058
0.9067
0.9058
0.9061
0.9075
0.9053
0.9049
0.9047
0.9049
0.9058
0.9054
0.9058
0.9046
0.905
0.9052
0.906
0.9052
0.9052
0.905
0.9041
0.9055
0.905
0.9065
0.9058
0.9055
0.9056
0.9053
0.9054
0.9039
0.907
0.906
0.9039
0.9044
0.905
0.9051
0.9043
0.9053
0.9044
0.9051
0.9045
0.9042
0.9058
0.9061
0.9052
0.9048
0.9056
0.9048
0.9048
0.9045
0.905
0.9042
0.9054
0.9056
0.905
0.9048
0.9058
0.9045
0.9048
0.9059
0.9057
0.9055
0.9038
0.9049
0.9052
0.9066
0.9057
0.9047
0.9046
0.9052
0.9047
0.906
0.9061
0.905
0.9052
0.9059
0.9049
0.9053
0.9055
0.9087
0.9065
0.9045
0.9047
0.9055
0.905
0.9061
0.9048
0.9048
0.9042
0.9047
0.9054
0.9058
0.9052
0.9048
0.9056
0.9045
0.9054
0.9061
0.9057
0.9065
0.9062
0.9055
0.9058
0.9051
0.9043
0.906
0.9044
0.9045
0.9056
0.9047
0.9063
0.906
0.9064
0.9056
0.9046
0.9038
0.9055
0.9051
0.9063
0.9065
0.9051
0.9053
0.906
0.9056
0.9063
0.9059
0.906
0.9061
0.9047
0.9051
0.9059
0.9044
0.9044
0.9048
0.9055
0.9055
0.9058
0.9053
0.9057
0.9054
0.9041
0.9043
0.9043
0.9069
0.9054
0.9045
0.9058
0.9044
0.9055
0.9055
0.9062
0.9057
0.9081
0.9058
0.9055
0.9059
0.9065
0.9073
0.9059
0.9064
0.906
0.9057
0.9066
0.9064
0.9061
0.9079
0.9073
0.9069
0.9061
0.9069
0.9061
0.907
0.9071
0.9065
0.9065
0.9056
0.9046
0.9059
0.9052
0.904
0.9041
0.9068
0.9059
0.9071
0.9054
0.9049
0.9043
0.9049
0.9067
0.9059
0.9038
0.9057
0.9055
0.9053
0.9055
0.9047
0.9067
0.9058
0.9054
0.9059
0.9056
0.9055
0.9048
0.9052
0.9058
0.9054
0.9057
0.9051
0.9048
0.9057
0.9052
0.904
0.9053
0.9054
0.9045
0.9033
0.9046
0.904
0.9058
0.9046
0.9057
0.9052
0.9048
0.9061
0.9058
0.9058
0.9059
0.9046
0.9055
0.9044
0.9046
0.9044
0.9053
0.9037
0.9055
0.9046
0.9059
0.9048
0.9049
0.9058
0.9061
0.9052
0.9037
0.9048
0.9058
0.907
0.9041
0.9044
0.9055
0.9045
0.9059
0.9063
0.9057
0.9048
0.9051
0.906
0.9066
0.9058
0.9048
0.9067
0.9053
0.9054
0.9066
0.9057
0.9055
0.9069
0.9049
0.9059
0.9058
0.9059
0.9054
0.9062
0.906
0.9061
0.9056
0.9057
0.9054
0.9056
0.9045
0.9064
0.9042
0.905
0.9057
0.9051
0.9059
0.9069
0.9053
0.9049
0.9051
0.9061
0.9055
0.9061
0.9044
0.9056
0.9076
0.9067
0.9052
0.9066
0.9048
0.9055
0.9069
0.906
0.9066
0.9062
0.9057
0.9067
0.9059
0.9058
0.9038
0.9046
0.9061
0.9051
0.9058
0.9051
0.9057
0.9054
0.9069
0.9053
0.9045
0.9048
0.904
0.9057
0.9046
0.9047
0.9053
0.9041
0.9059
0.9058
0.9051
0.9056
0.9046
0.9055
0.9045
0.9038
0.9054
0.9068
0.9069
0.9061
0.9071
0.9061
0.9064
0.9054
0.9069
0.9069
0.9059
0.9065
0.9062
0.9062
0.9072
0.9054
0.9055
0.9065
0.9077
0.9062
0.9074
0.9039
0.9055
0.9067
0.9055
0.9054
0.9063
0.9049
0.9074
0.9047
0.9046
0.9056
0.9057
0.9058
0.9059
0.9044
0.9048
0.9065
0.905
0.9062
0.9061
0.9043
0.9075
0.905
0.9061
0.9052
0.9061
0.9047
0.9057
0.9065
0.9064
0.9054
0.9051
0.9062
0.9049
0.9054
0.9066
0.9046
0.9049
0.9051
0.906
0.906
0.9051
0.9046
0.9058
0.9053
0.9048
0.9047
0.9054
0.9055
0.9048
0.9053
0.9055
0.9057
0.9061
0.9046
0.9053
0.9056
0.9047
0.9055
0.9047
0.9038
0.9062
0.9056
0.9057
0.9069
0.9062
0.9065
0.9055
0.9067
0.9064
0.9051
0.9063
0.907
0.9054
0.9052
0.9043
0.9064
0.9046
0.905
0.9052
0.9059
0.9068
0.9051
0.9069
0.9062
0.9051
0.9058
0.9044
0.9042
0.905
0.906
0.9056
0.9048
0.9046
0.9045
0.9049
0.9057
0.9046
0.9057
0.9057
0.9078
0.9071
0.9071
0.9055
0.9065
0.9058
0.9051
0.9061
0.9056
0.9034
0.9063
0.9061
0.9063
0.9045
0.9054
0.9047
0.9064
0.9056
0.9056
0.904
0.9045
0.9057
0.9048
0.9051
0.9047
0.9048
0.9045
0.9046
0.9061
0.9051
0.9054
0.9051
0.9044
0.9069
0.9084
0.9072
0.9064
0.9072
0.9063
0.9046
0.9048
0.9053
0.9072
0.9063
0.905
0.904
0.9061
0.905
0.9066
0.9059
0.9052
0.9045
0.9048
0.9061
0.9058
0.9046
0.9055
0.905
0.9048
0.9045
0.906
0.905
0.9056
0.907
0.9053
0.9063
0.9051
0.9056
0.9059
0.9056
0.9057
0.9052
0.9058
0.9058
0.9061
0.9048
0.9041
0.9044
0.9033
0.9059
0.9058
0.9047
0.9059
0.9058
0.9043
0.9061
0.9044
0.905
0.9043
0.9051
0.9065
0.906
0.9053
0.9047
0.9057
0.9056
0.9042
0.9035
0.9053
0.9057
0.9045
0.904
0.9049
0.9057
0.9041
0.9044
0.9051
0.9062
0.9051
0.9036
0.9056
0.9049
0.906
0.9064
0.9051
0.9047
0.9062
0.9055
0.9052
0.9052
0.9049
0.9037
0.9053
0.9045
0.904
0.906
0.9052
0.9072
0.9051
0.9066
0.9044
0.9067
0.9059
0.906
0.9054
0.9054
0.9047
0.9054
0.9053
0.9061
0.905
0.9058
0.905
0.9059
0.906
0.9058
0.9055
0.9057
0.9071
0.9057
0.9043
0.9055
0.9054
0.9073
0.9067
0.9049
0.907
0.9064
0.9056
0.9072
0.9053
0.9052
0.9074
0.9049
0.9048
0.9061
0.905
0.905
0.9057
0.907
0.907
0.9058
0.9043
0.9051
0.9049
0.906
0.905
0.9053
0.9048
0.9049
0.9043
0.9041
0.9047
0.9043
0.904
0.9053
0.9056
0.9065
0.9062
0.9064
0.9068
0.9064
0.9079
0.9066
0.9063
0.9061
0.9057
0.9064
0.9054
0.9066
0.9054
0.9058
0.9051
0.9058
0.9059
0.9063
0.9051
0.9062
0.9063
0.9052
0.9051
0.9061
0.9057
0.9055
0.9063
0.9059
0.9063
0.9065
0.9071
0.9053
0.9059
0.9069
0.9054
0.9068
0.9057
0.906
0.9061
0.9051
0.9064
0.9064
0.9068
0.9066
0.9071
0.906
0.907
0.9071
0.9065
0.907
0.9057
0.9054
0.9068
0.9067
0.9062
0.9073
0.9061
0.9087
0.9071
0.9087
0.907
0.9068
0.9074
0.9069
0.9068
0.9069
0.9069
0.9057
0.9064
0.9073
0.9061
0.9058
0.906
0.9051
0.9063
0.9064
0.9055
0.906
0.9066
0.9057
0.9058
0.9061
0.9063
0.907
0.9059
0.906
0.9066
0.9051
0.9061
0.9059
0.9061
0.9052
0.9062
0.9051
0.9061
0.9051
0.904
0.9069
0.9058
0.9069
0.9045
0.9052
0.9069
0.9054
0.9056
0.9052
0.9057
0.9047
0.906
0.9044
0.906
0.9053
0.9044
0.9048
0.9068
0.9061
0.9058
0.9054
0.9052
0.9061
0.907
0.906
0.9045
0.9058
0.9064
0.9061
0.906
0.9067
0.9061
0.9053
0.9069
0.9055
0.906
0.9059
0.9053
0.906
0.9061
0.9066
0.9052
0.9054
0.907
0.9058
0.9062
0.9048
0.9057
0.9069
0.907
0.9061
0.9069
0.9061
0.9056
0.9052
0.9053
0.9066
0.9044
0.9063
0.9055
0.9061
0.9047
0.9067
0.9045
0.9059
0.9079
0.9063
0.9042
0.9068
0.906
0.9067
0.9067
0.9062
0.9058
0.9049
0.9067
0.9067
0.9059
0.9074
0.9067
0.9064
0.9063
0.9049
0.9066
0.9053
0.9061
0.9063
0.9066
0.9065
0.9053
0.9071
0.9064
0.9061
0.9077
0.9061
0.9071
0.9067
0.9052
0.9057
0.9064
0.9064
0.9055
0.9056
0.9054
0.9045
0.9055
0.9059
0.9068
0.9065
0.9057
0.9047
0.9049
0.9054
0.9081
0.9068
0.9069
0.9075
0.9065
0.9066
0.9069
0.9072
0.9061
0.9057
0.9063
0.9058
0.9065
0.9077
0.9079
0.9069
0.9066
0.9069
0.9062
0.9064
0.9068
0.9061
0.9061
0.9067
0.9066
0.9087
0.9078
0.9069
0.9066
0.9072
0.9071
0.9079
0.9052
0.9065
0.9065
0.9066
0.9066
0.9058
0.9056
0.9076
0.906
0.907
0.9063
0.9069
0.9066
0.9069
0.9066
0.9048
0.9054
0.9064
0.9063
0.9068
0.9066
0.9058
0.9067
0.9064
0.9068
0.907
0.9068
0.9066
0.9057
0.9057
0.9046
0.9055
0.9067
0.9064
0.9054
0.9062
0.9055
0.9045
0.9062
0.9059
0.9052
0.9058
0.9075
0.9049
0.9069
0.9064
0.9064
0.9054
0.906
0.9059
0.9044
0.9058
0.9051
0.9064
0.9072
0.9062
0.9071
0.9053
0.9061
0.9058
0.9071
0.9052
0.9057
0.9063
0.9036
0.9056
0.9046
0.9072
0.9054
0.905
0.9065
0.9064
0.9074
0.9064
0.9064
0.9059
0.9056
0.9058
0.9056
0.9066
0.9047
0.9068
0.9078
0.9055
0.9064
0.9058
0.9065
0.9066
0.9051
0.9059
0.9047
0.9083
0.9066
0.9065
0.9059
0.9062
0.9055
0.9062
0.906
0.9055
0.9052
0.9069
0.9056
0.9055
0.9072
0.9049
0.9043
0.9057
0.9057
0.9053
0.9064
0.904
0.9052
0.9067
0.9063
0.906
0.9052
0.9067
0.9062
0.9067
0.9048
0.9056
0.9073
0.9064
0.9063
0.9048
0.9061
0.9067
0.9065
0.9066
0.9056
0.9055
0.9046
0.9065
0.906
0.9064
0.9062
0.9048
0.9058
0.9058
0.9066
0.9069
0.9057
0.9062
0.9072
0.906
0.9071
0.9064
0.9054
0.9046
0.9059
0.9063
0.9061
0.9065
0.906
0.906
0.9054
0.9056
0.905
0.9056
0.906
0.9058
0.9064
0.9067
0.9061
0.9066
0.906
0.9062
0.905
0.9066
0.9048
0.9059
0.9067
0.9064
0.9066
0.9063
0.9054
0.9049
0.9048
0.9061
0.9054
0.9056
0.9049
0.9064
0.9057
0.9061
0.9067
0.9064
0.9069
0.9061
0.9065
0.9066
0.9064
0.9069
0.9063
0.9062
0.9045
0.9057
0.9082
0.906
0.9054
0.9073
0.906
0.9059
0.9061
0.9056
0.9052
0.9063
0.9058
0.906
0.9075
0.9069
0.9062
0.9054
0.9058
0.9064
0.9064
0.9078
0.9063
0.9064
0.9089
0.9066
0.9063
0.9059
0.9061
0.9054
0.9066
0.9056
0.9069
0.9071
0.907
0.9054
0.906
0.9051
0.9057
0.9049
0.907
0.9043
0.9047
0.9057
0.9056
0.906
0.9062
0.9045
0.906
0.9063
0.9057
0.9051
0.9069
0.9077
0.9069
0.9059
0.9067
0.9057
0.9052
0.9058
0.9073
0.9056
0.9056
0.9057
0.9068
0.9047
0.9043
0.9057
0.9048
0.9063
0.9064
0.9061
0.907
0.9056
0.9068
0.9058
0.9058
0.9061
0.906
0.906
0.9055
0.9048
0.9049
0.9062
0.9061
0.9063
0.9056
0.9068
0.9057
0.9072
0.9069
0.9073
0.9061
0.9065
0.9068
0.9056
0.9053
0.9066
0.9065
0.9063
0.9068
0.9061
0.9049
0.9059
0.9065
0.9068
0.9067
0.9063
0.9066
0.9057
0.9064
0.9061
0.9066
0.9061
0.9068
0.906
0.9072
0.9077
0.9062
0.9079
0.9066
0.9058
0.9058
0.9064
0.9061
0.9053
0.9064
0.9056
0.9057
0.9058
0.905
0.9067
0.9066
0.9077
0.9074
0.9064
0.9059
0.9049
0.9056
0.9051
0.9061
0.9065
0.9068
0.9066
0.9076
0.9063
0.908
0.9049
0.9068
0.9076
0.9076
0.9094
0.9073
0.9071
0.9066
0.9071
0.9079
0.9059
0.9068
0.9064
0.9052
0.9067
0.9071
0.9062
0.9061
0.9069
0.9078
0.9066
0.9057
0.9067
0.9059
0.9073
0.9068
0.907
0.9078
0.9052
0.9064
0.9068
0.9067
0.9063
0.9075
0.9072
0.9079
0.9083
0.9058
0.9072
0.9076
0.9062
0.9072
0.9055
0.9081
0.9079
0.9071
0.9076
0.9075
0.9064
0.9069
0.908
0.9053
0.9069
0.9058
0.9059
0.9059
0.9066
0.9068
0.906
0.9063
0.9056
0.9067
0.9057
0.905
0.9055
0.9063
0.9055
0.9063
0.9061
0.9068
0.9055
0.9075
0.9055
0.9046
0.9067
0.9065
0.9059
0.9063
0.906
0.9063
0.9057
0.9062
0.9056
0.9055
0.9065
0.9057
0.9072
0.9058
0.905
0.9062
0.9065
0.9059
0.9063
0.907
0.9062
0.9067
0.907
0.9051
0.9059
0.9062
0.9058
0.9071
0.9071
0.9082
0.9062
0.9065
0.9069
0.9064
0.9069
0.907
0.9056
0.9056
0.906
0.906
0.9059
0.9059
0.9045
0.9058
0.9058
0.9056
0.9058
0.9058
0.9057
0.9064
0.9064
0.9047
0.9068
0.905
0.9065
0.9067
0.907
0.9072
0.9067
0.9075
0.9062
0.9057
0.9043
0.9058
0.9058
0.9054
0.907
0.9054
0.9066
0.9052
0.9054
0.9053
0.9054
0.9072
0.9052
0.9063
0.905
0.9059
0.9062
0.9051
0.9064
0.906
0.9066
0.9065
0.9074
0.9057
0.9051
0.9058
0.9065
0.9057
0.9054
0.9071
0.9076
0.9063
0.9064
0.9077
0.9069
0.9066
0.9064
0.9066
0.9059
0.9076
0.9075
0.9052
0.9068
0.9063
0.9059
0.9053
0.9068
0.9046
0.9063
0.9066
0.9056
0.9053
0.9052
0.9073
0.9066
0.9058
0.9069
0.9067
0.9058
0.905
0.9068
0.9079
0.9072
0.9061
0.9064
0.9053
0.9062
0.9047
0.9058
0.9042
0.9065
0.9065
0.9066
0.9067
0.9083
0.9048
0.9062
0.9063
0.9058
0.9071
0.906
0.9057
0.9064
0.9065
0.9062
0.9068
0.9056
0.9063
0.9069
0.9063
0.908
0.9078
0.9079
0.9066
0.9067
0.9069
0.9077
0.9069
0.907
0.906
0.9061
0.907
0.907
0.9062
0.9074
0.9063
0.9071
0.9069
0.9064
0.907
0.9061
0.9068
0.9065
0.9066
0.9059
0.9075
0.9081
0.9068
0.9071
0.9073
0.9067
0.9069
0.9069
0.9075
0.9056
0.9066
0.907
0.9078
0.9063
0.9069
0.9063
0.9059
0.9062
0.906
0.9054
0.9072
0.9056
0.9063
0.9062
0.9066
0.9062
0.9065
0.9071
0.907
0.9059
0.9071
0.905
0.9063
0.9056
0.906
0.9067
0.9078
0.9059
0.9062
0.9079
0.9058
0.9065
0.9072
0.906
0.9056
0.9054
0.9065
0.9046
0.9073
0.9063
0.9048
0.9055
0.9051
0.9052
0.9048
0.9046
0.9052
0.9065
0.9058
0.9055
0.9052
0.905
0.9059
0.9065
0.9049
0.9065
0.9043
0.9064
0.9069
0.9064
0.9057
0.9052
0.9056
0.9067
0.9059
0.9061
0.9061
0.9063
0.9055
0.9055
0.9063
0.9059
0.9048
0.9078
0.9057
0.9062
0.9078
0.9069
0.907
0.9061
0.9078
0.9062
0.9057
0.9071
0.9051
0.9077
0.9054
0.9071
0.9059
0.9076
0.9066
0.907
0.9067
0.907
0.9077
0.9059
0.9073
0.9079
0.9066
0.9064
0.9068
0.9048
0.9057
0.907
0.9071
0.9057
0.9064
0.906
0.9061
0.9057
0.9062
0.9067
0.9068
0.9054
0.905
0.9048
0.9062
0.9054
0.9051
0.9056
0.9068
0.9057
0.9083
0.9061
0.9052
0.9066
0.9086
0.9086
0.9064
0.9065
0.905
0.9054
0.9074
0.9064
0.906
0.905
0.9058
0.9058
0.9062
0.9064
0.9059
0.9064
0.9069
0.9066
0.9062
0.9069
0.9067
0.9047
0.9073
0.9064
0.9064
0.9055
0.906
0.9064
0.9056
0.9072
0.9058
0.9073
0.9065
0.9074
0.907
0.9069
0.9068
0.9064
0.907
0.9059
0.9059
0.9069
0.9071
0.9067
0.9066
0.9076
0.9064
0.9073
0.9063
0.9065
0.906
0.9061
0.9074
0.9071
0.9061
0.9062
0.9071
0.9073
0.9075
0.9075
0.9063
0.9071
0.9085
0.9061
0.906
0.908
0.9068
0.9067
0.9076
0.907
0.9062
0.9059
0.907
0.9064
0.9056
0.9078
0.9073
0.9052
0.9071
0.9068
0.905
0.9058
0.9062
0.9059
0.9058
0.9054
0.9055
0.9071
0.9064
0.9051
0.906
0.9072
0.9056
0.9047
0.9056
0.905
0.9058
0.9059
0.9059
0.9048
0.9057
0.9062
0.9066
0.905
0.9065
0.9057
0.907
0.9054
0.9057
0.9063
0.906
0.9066
0.9063
0.905
0.9061
0.9062
0.9066
0.9064
0.907
0.9077
0.9064
0.9069
0.9062
0.9064
0.9058
0.9064
0.906
0.907
0.9075
0.906
0.9062
0.9052
0.9054
0.9085
0.9068
0.9065
0.9074
0.908
0.907
0.9059
0.9056
0.907
0.9072
0.906
0.9083
0.9075
0.9071
0.9076
0.9072
0.9078
0.908
0.9075
0.9076
0.9074
0.9061
0.9066
0.9071
0.9066
0.9072
0.9071
0.9074
0.9053
0.9069
0.9072
0.9067
0.9064
0.9072
0.9072
0.9062
0.907
0.9064
0.9068
0.9079
0.9085
0.9065
0.9076
0.9075
0.9074
0.9079
0.9068
0.9067
0.9063
0.9076
0.9071
0.9067
0.908
0.9064
0.9073
0.9076
0.9072
0.9079
0.9061
0.9064
0.908
0.9071
0.9077
0.9072
0.908
0.9067
0.9074
0.9083
0.907
0.9063
0.907
0.908
0.9066
0.9058
0.9075
0.9067
0.9072
0.9082
0.9071
0.9078
0.9068
0.9077
0.9058
0.9076
0.9062
0.9074
0.907
0.906
0.9062
0.9072
0.9058
0.9062
0.9075
0.9064
0.9065
0.9065
0.9074
0.9065
0.906
0.9076
0.907
0.9074
0.907
0.9076
0.9085
0.9067
0.9056
0.9068
0.906
0.9069
0.9068
0.9069
0.9068
0.9065
0.9079
0.9069
0.9059
0.9081
0.9063
0.9061
0.9069
0.908
0.9069
0.9055
0.9061
0.9072
0.907
0.9075
0.908
0.9075
0.9067
0.9071
0.9079
0.9057
0.907
0.9074
0.9077
0.9082
0.9082
0.9089
0.9082
0.9072
0.9081
0.9081
0.9096
0.9073
0.9085
0.91
0.9067
0.908
0.9083
0.9076
0.9076
0.9066
0.9078
0.9076
0.9065
0.9083
0.909
0.9065
0.9068
0.9071
0.9067
0.9063
0.9082
0.9085
0.9065
0.9085
0.9075
0.9076
0.9072
0.9091
0.908
0.907
0.9075
0.9083
0.9094
0.909
0.9085
0.908
0.9081
0.908
0.9077
0.9076
0.9076
0.9068
0.9071
0.907
0.9086
0.9075
0.9082
0.9062
0.9064
0.9073
0.9084
0.9072
0.9058
0.9077
0.9079
0.9075
0.9083
0.9081
0.907
0.9071
0.9077
0.9079
0.9068
0.9087
0.9073
0.907
0.9083
0.908
0.9086
0.9089
0.9077
0.9063
0.9068
0.9076
0.9074
0.9059
0.9065
0.9071
0.9068
0.9087
0.9067
0.9077
0.9071
0.9075
0.9057
0.9057
0.9066
0.9061
0.9066
0.9082
0.9062
0.9064
0.9072
0.9076
0.9064
0.9062
0.9078
0.9074
0.9058
0.9063
0.907
0.9062
0.9066
0.9067
0.9077
0.9079
0.9083
0.9079
0.9071
0.9065
0.9085
0.9051
0.9057
0.9061
0.9071
0.9076
0.906
0.908
0.9079
0.9071
0.9076
0.908
0.9053
0.9075
0.9054
0.9086
0.908
0.9075
0.9072
0.9068
0.9076
0.9077
0.9064
0.908
0.9075
0.908
0.9071
0.9074
0.9066
0.9076
0.9066
0.9069
0.9082
0.9073
0.9064
0.9077
0.9087
0.9077
0.9081
0.907
0.9064
0.9062
0.9067
0.907
0.9068
0.9063
0.9087
0.9088
0.9086
0.9079
0.9074
0.906
0.906
0.9075
0.9073
0.9077
0.9079
0.9072
0.9069
0.9066
0.9071
0.9061
0.9056
0.9069
0.9077
0.9072
0.9065
0.9062
0.9061
0.906
0.9062
0.9066
0.9048
0.9059
0.9065
0.9052
0.9062
0.9066
0.9068
0.9062
0.9078
0.9067
0.9071
0.9083
0.9071
0.9067
0.9064
0.9064
0.9066
0.9068
0.907
0.9077
0.9063
0.9068
0.9069
0.9076
0.9064
0.9069
0.9063
0.9081
0.9073
0.9073
0.9071
0.907
0.9076
0.9074
0.9077
0.9067
0.9065
0.9071
0.908
0.9069
0.908
0.9063
0.9067
0.9063
0.9058
0.9082
0.9058
0.907
0.907
0.9065
0.9067
0.9072
0.9068
0.9073
0.9064
0.9081
0.9071
0.9086
0.9088
0.9078
0.9076
0.9079
0.9079
0.9071
0.9061
0.9049
0.9069
0.9058
0.9075
0.9065
0.9071
0.9065
0.9074
0.9066
0.9069
0.9071
0.9074
0.9079
0.9062
0.9072
0.9062
0.9068
0.9067
0.9074
0.907
0.907
0.9066
0.9075
0.9088
0.9076
0.9067
0.9071
0.9069
0.9064
0.9071
0.9067
0.9072
0.9068
0.9079
0.9073
0.9074
0.9071
0.9059
0.9059
0.9068
0.9073
0.9074
0.9075
0.9056
0.9074
0.9054
0.9074
0.9054
0.9053
0.9072
0.9071
0.9061
0.9065
0.9064
0.907
0.9064
0.9077
0.9076
0.9081
0.9077
0.9063
0.9062
0.9073
0.9069
0.9076
0.9065
0.9078
0.9075
0.9077
0.908
0.9085
0.9067
0.9081
0.9068
0.908
0.9074
0.9087
0.9081
0.9081
0.9062
0.9068
0.9064
